<?xml version="1.0" encoding="UTF-8"?>
<!-- Generated by org.testng.reporters.JUnitReportReporter -->
<testsuite hostname="Raju" failures="0" tests="1" name="testExecutionSuite.PlaceOrderRWC" time="53.837" errors="0" timestamp="2025-05-25T22:11:34 IST" skipped="0">
  <testcase classname="testExecutionSuite.PlaceOrderRWC" name="placeorderRWC" time="53.837"/>
</testsuite> <!-- testExecutionSuite.PlaceOrderRWC -->
