<?xml version="1.0" encoding="UTF-8"?>
<!-- Generated by org.testng.reporters.JUnitReportReporter -->
<testsuite hostname="DESKTOP-UMGN6AN" failures="0" tests="1" name="testExecutionSuite.Login" time="3.819" errors="0" timestamp="2025-05-18T21:02:27 IST" skipped="0">
  <testcase classname="testExecutionSuite.Login" name="Login" time="3.819"/>
</testsuite> <!-- testExecutionSuite.Login -->
