<?xml version="1.0" encoding="UTF-8"?>
<!-- Generated by org.testng.reporters.JUnitReportReporter -->
<testsuite hostname="LAPTOP-UBVRQAH1" failures="0" tests="1" name="testExecutionSuite.Subscription_in_cart_page" time="6.862" errors="0" timestamp="2025-05-25T23:38:48 IST" skipped="0">
  <testcase classname="testExecutionSuite.Subscription_in_cart_page" name="subscription_cartpage" time="6.862"/>
  <system-out/>
</testsuite> <!-- testExecutionSuite.Subscription_in_cart_page -->
