<?xml version="1.0" encoding="UTF-8"?>
<!-- Generated by org.testng.reporters.JUnitReportReporter -->
<testsuite hostname="DESKTOP-MO0SOCE" failures="0" tests="6" name="testExecutionSuite.TestExecute" time="56.676" errors="0" timestamp="2025-05-25T00:48:32 IST" skipped="0">
  <testcase classname="testExecutionSuite.TestExecute" name="Register" time="14.441"/>
  <testcase classname="testExecutionSuite.TestExecute" name="Existingmail" time="4.319"/>
  <testcase classname="testExecutionSuite.TestExecute" name="Testcasepage" time="4.475"/>
  <testcase classname="testExecutionSuite.TestExecute" name="Categoryproducts" time="18.047"/>
  <testcase classname="testExecutionSuite.TestExecute" name="Scroll" time="9.238"/>
  <testcase classname="testExecutionSuite.TestExecute" name="sub_cart_page" time="6.156"/>
</testsuite> <!-- testExecutionSuite.TestExecute -->
