<?xml version="1.0" encoding="UTF-8"?>
<!-- Generated by org.testng.reporters.JUnitReportReporter -->
<testsuite hostname="Raju" failures="0" tests="1" name="testExecutionSuite.ProductQuantity" time="11.851" errors="0" timestamp="2025-05-25T13:12:06 IST" skipped="0">
  <testcase classname="testExecutionSuite.ProductQuantity" name="productQuantity" time="11.851"/>
</testsuite> <!-- testExecutionSuite.ProductQuantity -->
