<?xml version="1.0" encoding="UTF-8"?>
<!-- Generated by org.testng.reporters.JUnitReportReporter -->
<testsuite hostname="Raju" failures="0" tests="1" name="testExecutionSuite.TestExecute" time="8.722" errors="0" timestamp="2025-05-10T08:42:22 IST" skipped="0">
  <testcase classname="testExecutionSuite.TestExecute" name="Testing" time="8.722"/>
</testsuite> <!-- testExecutionSuite.TestExecute -->
