<?xml version="1.0" encoding="UTF-8"?>
<!-- Generated by org.testng.reporters.JUnitReportReporter -->
<<<<<<< HEAD
<testsuite hostname="DESKTOP-MO0SOCE" failures="5" tests="9" name="testExecutionSuite.TestExecute" time="32.529" errors="3" timestamp="2025-05-29T22:50:00 IST" skipped="1">
  <testcase classname="testExecutionSuite.TestExecute" name="Register" time="15.649">
    <error message="no such element: Unable to locate element: {&quot;method&quot;:&quot;xpath&quot;,&quot;selector&quot;:&quot;//b[text()=&#039;Enter Account Information&#039;]&quot;}
  (Session info: chrome=136.0.7103.114)
For documentation on this error, please visit: https://www.selenium.dev/documentation/webdriver/troubleshooting/errors#no-such-element-exception
Build info: version: &#039;4.30.0&#039;, revision: &#039;509c7f17cc*&#039;
System info: os.name: &#039;Windows 10&#039;, os.arch: &#039;amd64&#039;, os.version: &#039;10.0&#039;, java.version: &#039;21.0.7&#039;
Driver info: org.openqa.selenium.chrome.ChromeDriver
Command: [ad515b9a5aed3cb80f34dae01f657557, findElement {value=//b[text()=&#039;Enter Account Information&#039;], using=xpath}]
Capabilities {acceptInsecureCerts: false, browserName: chrome, browserVersion: 136.0.7103.114, chrome: {chromedriverVersion: 136.0.7103.113 (76fa3c17824..., userDataDir: C:\Users\Admin\AppData\Loca...}, fedcm:accounts: true, goog:chromeOptions: {debuggerAddress: localhost:49627}, networkConnectionEnabled: false, pageLoadStrategy: normal, platformName: windows, proxy: Proxy(), se:cdp: ws://localhost:49627/devtoo..., se:cdpVersion: 136.0.7103.114, setWindowRect: true, strictFileInteractability: false, timeouts: {implicit: 0, pageLoad: 300000, script: 30000}, unhandledPromptBehavior: dismiss and notify, webauthn:extension:credBlob: true, webauthn:extension:largeBlob: true, webauthn:extension:minPinLength: true, webauthn:extension:prf: true, webauthn:virtualAuthenticators: true}
Session ID: ad515b9a5aed3cb80f34dae01f657557" type="org.openqa.selenium.NoSuchElementException">
      <![CDATA[org.openqa.selenium.NoSuchElementException: no such element: Unable to locate element: {"method":"xpath","selector":"//b[text()='Enter Account Information']"}
  (Session info: chrome=136.0.7103.114)
For documentation on this error, please visit: https://www.selenium.dev/documentation/webdriver/troubleshooting/errors#no-such-element-exception
Build info: version: '4.30.0', revision: '509c7f17cc*'
System info: os.name: 'Windows 10', os.arch: 'amd64', os.version: '10.0', java.version: '21.0.7'
Driver info: org.openqa.selenium.chrome.ChromeDriver
Command: [ad515b9a5aed3cb80f34dae01f657557, findElement {value=//b[text()='Enter Account Information'], using=xpath}]
Capabilities {acceptInsecureCerts: false, browserName: chrome, browserVersion: 136.0.7103.114, chrome: {chromedriverVersion: 136.0.7103.113 (76fa3c17824..., userDataDir: C:\Users\Admin\AppData\Loca...}, fedcm:accounts: true, goog:chromeOptions: {debuggerAddress: localhost:49627}, networkConnectionEnabled: false, pageLoadStrategy: normal, platformName: windows, proxy: Proxy(), se:cdp: ws://localhost:49627/devtoo..., se:cdpVersion: 136.0.7103.114, setWindowRect: true, strictFileInteractability: false, timeouts: {implicit: 0, pageLoad: 300000, script: 30000}, unhandledPromptBehavior: dismiss and notify, webauthn:extension:credBlob: true, webauthn:extension:largeBlob: true, webauthn:extension:minPinLength: true, webauthn:extension:prf: true, webauthn:virtualAuthenticators: true}
Session ID: ad515b9a5aed3cb80f34dae01f657557
at java.base/jdk.internal.reflect.DirectConstructorHandleAccessor.newInstance(DirectConstructorHandleAccessor.java:62)
at java.base/java.lang.reflect.Constructor.newInstanceWithCaller(Constructor.java:502)
at java.base/java.lang.reflect.Constructor.newInstance(Constructor.java:486)
at org.openqa.selenium.remote.ErrorCodec.decode(ErrorCodec.java:167)
at org.openqa.selenium.remote.codec.w3c.W3CHttpResponseCodec.decode(W3CHttpResponseCodec.java:138)
at org.openqa.selenium.remote.codec.w3c.W3CHttpResponseCodec.decode(W3CHttpResponseCodec.java:50)
at org.openqa.selenium.remote.HttpCommandExecutor.execute(HttpCommandExecutor.java:215)
at org.openqa.selenium.remote.service.DriverCommandExecutor.invokeExecute(DriverCommandExecutor.java:216)
at org.openqa.selenium.remote.service.DriverCommandExecutor.execute(DriverCommandExecutor.java:174)
at org.openqa.selenium.remote.RemoteWebDriver.execute(RemoteWebDriver.java:545)
at org.openqa.selenium.remote.ElementLocation$ElementFinder$2.findElement(ElementLocation.java:165)
at org.openqa.selenium.remote.ElementLocation.findElement(ElementLocation.java:59)
at org.openqa.selenium.remote.RemoteWebDriver.findElement(RemoteWebDriver.java:368)
at org.openqa.selenium.remote.RemoteWebDriver.findElement(RemoteWebDriver.java:362)
at testExecutionSuite.ReusableCode.xp(ReusableCode.java:13)
at testExecutionSuite.Register.registertest(Register.java:35)
at testExecutionSuite.TestExecute.Register(TestExecute.java:19)
=======
<<<<<<< HEAD
<testsuite hostname="Raju" failures="0" tests="18" name="testExecutionSuite.TestExecute" time="262.043" errors="0" timestamp="2025-06-01T21:07:03 IST" skipped="0">
  <testcase classname="testExecutionSuite.TestExecute" name="Register" time="28.959"/>
  <testcase classname="testExecutionSuite.TestExecute" name="Existingmail" time="7.880"/>
  <testcase classname="testExecutionSuite.TestExecute" name="Testcasepage" time="5.022"/>
  <testcase classname="testExecutionSuite.TestExecute" name="categoryproducts" time="17.750"/>
  <testcase classname="testExecutionSuite.TestExecute" name="scrollWC" time="6.857"/>
  <testcase classname="testExecutionSuite.TestExecute" name="scrollWTC" time="5.961"/>
  <testcase classname="testExecutionSuite.TestExecute" name="productDetails" time="13.389"/>
  <testcase classname="testExecutionSuite.TestExecute" name="Subscription_homepage" time="7.622"/>
  <testcase classname="testExecutionSuite.TestExecute" name="Subscription_cartpage" time="9.413"/>
  <testcase classname="testExecutionSuite.TestExecute" name="sub_cart_page" time="6.584"/>
  <testcase classname="testExecutionSuite.TestExecute" name="contactUs" time="8.432"/>
  <testcase classname="testExecutionSuite.TestExecute" name="productQuantity" time="13.596"/>
  <testcase classname="testExecutionSuite.TestExecute" name="placeOrderRWC" time="40.858"/>
  <testcase classname="testExecutionSuite.TestExecute" name="placeOrderRBC" time="36.136"/>
  <testcase classname="testExecutionSuite.TestExecute" name="placeOrderLBC" time="25.019"/>
  <testcase classname="testExecutionSuite.TestExecute" name="removeProduct" time="10.015"/>
  <testcase classname="testExecutionSuite.TestExecute" name="SearchProduct" time="5.640"/>
  <testcase classname="testExecutionSuite.TestExecute" name="AllProducts" time="12.910"/>
=======
<testsuite hostname="LAPTOP-IBL96SKL" failures="7" tests="9" name="testExecutionSuite.TestExecute" time="33.034" errors="0" timestamp="2025-05-31T18:52:47 IST" skipped="0">
  <testcase classname="testExecutionSuite.TestExecute" name="SearchProduct" time="7.458"/>
  <testcase classname="testExecutionSuite.TestExecute" name="AllProducts" time="20.381"/>
  <testcase classname="testExecutionSuite.TestExecute" name="Scroll" time="2.050">
    <failure message="expected [Automation Exercise] but found [Automation Exercise - All Products]" type="java.lang.AssertionError">
      <![CDATA[java.lang.AssertionError: expected [Automation Exercise] but found [Automation Exercise - All Products]
at org.testng.Assert.fail(Assert.java:111)
at org.testng.Assert.failNotEquals(Assert.java:1590)
at org.testng.Assert.assertEqualsImpl(Assert.java:150)
at org.testng.Assert.assertEquals(Assert.java:132)
at org.testng.Assert.assertEquals(Assert.java:656)
at org.testng.Assert.assertEquals(Assert.java:666)
at testExecutionSuite.Scroll.sc(Scroll.java:14)
at testExecutionSuite.TestExecute.Scroll(TestExecute.java:83)
>>>>>>> bad4c3466ef44faec1e5ed5194348ebbd813a44b
at java.base/jdk.internal.reflect.DirectMethodHandleAccessor.invoke(DirectMethodHandleAccessor.java:103)
at java.base/java.lang.reflect.Method.invoke(Method.java:580)
at org.testng.internal.invokers.MethodInvocationHelper.invokeMethod(MethodInvocationHelper.java:141)
at org.testng.internal.invokers.TestInvoker.invokeMethod(TestInvoker.java:687)
at org.testng.internal.invokers.TestInvoker.invokeTestMethod(TestInvoker.java:230)
at org.testng.internal.invokers.MethodRunner.runInSequence(MethodRunner.java:63)
at org.testng.internal.invokers.TestInvoker$MethodInvocationAgent.invoke(TestInvoker.java:995)
at org.testng.internal.invokers.TestInvoker.invokeTestMethods(TestInvoker.java:203)
at org.testng.internal.invokers.TestMethodWorker.invokeTestMethods(TestMethodWorker.java:154)
at org.testng.internal.invokers.TestMethodWorker.run(TestMethodWorker.java:134)
at java.base/java.util.ArrayList.forEach(ArrayList.java:1596)
at org.testng.TestRunner.privateRun(TestRunner.java:741)
at org.testng.TestRunner.run(TestRunner.java:616)
at org.testng.SuiteRunner.runTest(SuiteRunner.java:421)
at org.testng.SuiteRunner.runSequentially(SuiteRunner.java:413)
at org.testng.SuiteRunner.privateRun(SuiteRunner.java:373)
at org.testng.SuiteRunner.run(SuiteRunner.java:312)
at org.testng.SuiteRunnerWorker.runSuite(SuiteRunnerWorker.java:52)
at org.testng.SuiteRunnerWorker.run(SuiteRunnerWorker.java:95)
at org.testng.TestNG.runSuitesSequentially(TestNG.java:1274)
at org.testng.TestNG.runSuitesLocally(TestNG.java:1208)
at org.testng.TestNG.runSuites(TestNG.java:1112)
at org.testng.TestNG.run(TestNG.java:1079)
at org.testng.remote.AbstractRemoteTestNG.run(AbstractRemoteTestNG.java:115)
at org.testng.remote.RemoteTestNG.initAndRun(RemoteTestNG.java:293)
at org.testng.remote.RemoteTestNG.main(RemoteTestNG.java:91)
]]>
<<<<<<< HEAD
    </error>
  </testcase> <!-- Register -->
  <testcase classname="testExecutionSuite.TestExecute" name="Existingmail" time="0.001">
    <skipped/>
  </testcase> <!-- Existingmail -->
  <testcase classname="testExecutionSuite.TestExecute" name="Testcasepage" time="2.635">
    <failure message="expected [Automation Exercise] but found [Automation Exercise - Signup / Login]" type="java.lang.AssertionError">
      <![CDATA[java.lang.AssertionError: expected [Automation Exercise] but found [Automation Exercise - Signup / Login]
=======
    </failure>
  </testcase> <!-- Scroll -->
  <testcase classname="testExecutionSuite.TestExecute" name="Logout" time="2.073">
    <failure message="expected [Automation Exercise] but found [Automation Exercise - All Products]" type="java.lang.AssertionError">
      <![CDATA[java.lang.AssertionError: expected [Automation Exercise] but found [Automation Exercise - All Products]
>>>>>>> bad4c3466ef44faec1e5ed5194348ebbd813a44b
at org.testng.Assert.fail(Assert.java:111)
at org.testng.Assert.failNotEquals(Assert.java:1590)
at org.testng.Assert.assertEqualsImpl(Assert.java:150)
at org.testng.Assert.assertEquals(Assert.java:132)
at org.testng.Assert.assertEquals(Assert.java:656)
at org.testng.Assert.assertEquals(Assert.java:666)
<<<<<<< HEAD
at testExecutionSuite.Testcasepage.tpage(Testcasepage.java:13)
at testExecutionSuite.TestExecute.Testcasepage(TestExecute.java:32)
=======
at testExecutionSuite.Login.logout(Login.java:35)
at testExecutionSuite.TestExecute.Logout(TestExecute.java:102)
>>>>>>> bad4c3466ef44faec1e5ed5194348ebbd813a44b
at java.base/jdk.internal.reflect.DirectMethodHandleAccessor.invoke(DirectMethodHandleAccessor.java:103)
at java.base/java.lang.reflect.Method.invoke(Method.java:580)
at org.testng.internal.invokers.MethodInvocationHelper.invokeMethod(MethodInvocationHelper.java:141)
at org.testng.internal.invokers.TestInvoker.invokeMethod(TestInvoker.java:687)
at org.testng.internal.invokers.TestInvoker.invokeTestMethod(TestInvoker.java:230)
at org.testng.internal.invokers.MethodRunner.runInSequence(MethodRunner.java:63)
at org.testng.internal.invokers.TestInvoker$MethodInvocationAgent.invoke(TestInvoker.java:995)
at org.testng.internal.invokers.TestInvoker.invokeTestMethods(TestInvoker.java:203)
at org.testng.internal.invokers.TestMethodWorker.invokeTestMethods(TestMethodWorker.java:154)
at org.testng.internal.invokers.TestMethodWorker.run(TestMethodWorker.java:134)
at java.base/java.util.ArrayList.forEach(ArrayList.java:1596)
at org.testng.TestRunner.privateRun(TestRunner.java:741)
at org.testng.TestRunner.run(TestRunner.java:616)
at org.testng.SuiteRunner.runTest(SuiteRunner.java:421)
at org.testng.SuiteRunner.runSequentially(SuiteRunner.java:413)
at org.testng.SuiteRunner.privateRun(SuiteRunner.java:373)
at org.testng.SuiteRunner.run(SuiteRunner.java:312)
at org.testng.SuiteRunnerWorker.runSuite(SuiteRunnerWorker.java:52)
at org.testng.SuiteRunnerWorker.run(SuiteRunnerWorker.java:95)
at org.testng.TestNG.runSuitesSequentially(TestNG.java:1274)
at org.testng.TestNG.runSuitesLocally(TestNG.java:1208)
at org.testng.TestNG.runSuites(TestNG.java:1112)
at org.testng.TestNG.run(TestNG.java:1079)
at org.testng.remote.AbstractRemoteTestNG.run(AbstractRemoteTestNG.java:115)
at org.testng.remote.RemoteTestNG.initAndRun(RemoteTestNG.java:293)
at org.testng.remote.RemoteTestNG.main(RemoteTestNG.java:91)
]]>
    </failure>
  </testcase> <!-- Testcasepage -->
  <testcase classname="testExecutionSuite.TestExecute" name="Categoryproducts" time="12.123">
    <error message="no such element: Unable to locate element: {&quot;method&quot;:&quot;xpath&quot;,&quot;selector&quot;:&quot;//h2[text()=&quot;Category&quot;]&quot;}
  (Session info: chrome=136.0.7103.114)
For documentation on this error, please visit: https://www.selenium.dev/documentation/webdriver/troubleshooting/errors#no-such-element-exception
Build info: version: &#039;4.30.0&#039;, revision: &#039;509c7f17cc*&#039;
System info: os.name: &#039;Windows 10&#039;, os.arch: &#039;amd64&#039;, os.version: &#039;10.0&#039;, java.version: &#039;21.0.7&#039;
Driver info: org.openqa.selenium.chrome.ChromeDriver
Command: [ad515b9a5aed3cb80f34dae01f657557, findElement {value=//h2[text()=&quot;Category&quot;], using=xpath}]
Capabilities {acceptInsecureCerts: false, browserName: chrome, browserVersion: 136.0.7103.114, chrome: {chromedriverVersion: 136.0.7103.113 (76fa3c17824..., userDataDir: C:\Users\Admin\AppData\Loca...}, fedcm:accounts: true, goog:chromeOptions: {debuggerAddress: localhost:49627}, networkConnectionEnabled: false, pageLoadStrategy: normal, platformName: windows, proxy: Proxy(), se:cdp: ws://localhost:49627/devtoo..., se:cdpVersion: 136.0.7103.114, setWindowRect: true, strictFileInteractability: false, timeouts: {implicit: 0, pageLoad: 300000, script: 30000}, unhandledPromptBehavior: dismiss and notify, webauthn:extension:credBlob: true, webauthn:extension:largeBlob: true, webauthn:extension:minPinLength: true, webauthn:extension:prf: true, webauthn:virtualAuthenticators: true}
Session ID: ad515b9a5aed3cb80f34dae01f657557" type="org.openqa.selenium.NoSuchElementException">
      <![CDATA[org.openqa.selenium.NoSuchElementException: no such element: Unable to locate element: {"method":"xpath","selector":"//h2[text()="Category"]"}
  (Session info: chrome=136.0.7103.114)
For documentation on this error, please visit: https://www.selenium.dev/documentation/webdriver/troubleshooting/errors#no-such-element-exception
Build info: version: '4.30.0', revision: '509c7f17cc*'
System info: os.name: 'Windows 10', os.arch: 'amd64', os.version: '10.0', java.version: '21.0.7'
Driver info: org.openqa.selenium.chrome.ChromeDriver
Command: [ad515b9a5aed3cb80f34dae01f657557, findElement {value=//h2[text()="Category"], using=xpath}]
Capabilities {acceptInsecureCerts: false, browserName: chrome, browserVersion: 136.0.7103.114, chrome: {chromedriverVersion: 136.0.7103.113 (76fa3c17824..., userDataDir: C:\Users\Admin\AppData\Loca...}, fedcm:accounts: true, goog:chromeOptions: {debuggerAddress: localhost:49627}, networkConnectionEnabled: false, pageLoadStrategy: normal, platformName: windows, proxy: Proxy(), se:cdp: ws://localhost:49627/devtoo..., se:cdpVersion: 136.0.7103.114, setWindowRect: true, strictFileInteractability: false, timeouts: {implicit: 0, pageLoad: 300000, script: 30000}, unhandledPromptBehavior: dismiss and notify, webauthn:extension:credBlob: true, webauthn:extension:largeBlob: true, webauthn:extension:minPinLength: true, webauthn:extension:prf: true, webauthn:virtualAuthenticators: true}
Session ID: ad515b9a5aed3cb80f34dae01f657557
at java.base/jdk.internal.reflect.DirectConstructorHandleAccessor.newInstance(DirectConstructorHandleAccessor.java:62)
at java.base/java.lang.reflect.Constructor.newInstanceWithCaller(Constructor.java:502)
at java.base/java.lang.reflect.Constructor.newInstance(Constructor.java:486)
at org.openqa.selenium.remote.ErrorCodec.decode(ErrorCodec.java:167)
at org.openqa.selenium.remote.codec.w3c.W3CHttpResponseCodec.decode(W3CHttpResponseCodec.java:138)
at org.openqa.selenium.remote.codec.w3c.W3CHttpResponseCodec.decode(W3CHttpResponseCodec.java:50)
at org.openqa.selenium.remote.HttpCommandExecutor.execute(HttpCommandExecutor.java:215)
at org.openqa.selenium.remote.service.DriverCommandExecutor.invokeExecute(DriverCommandExecutor.java:216)
at org.openqa.selenium.remote.service.DriverCommandExecutor.execute(DriverCommandExecutor.java:174)
at org.openqa.selenium.remote.RemoteWebDriver.execute(RemoteWebDriver.java:545)
at org.openqa.selenium.remote.ElementLocation$ElementFinder$2.findElement(ElementLocation.java:165)
at org.openqa.selenium.remote.ElementLocation.findElement(ElementLocation.java:59)
at org.openqa.selenium.remote.RemoteWebDriver.findElement(RemoteWebDriver.java:368)
at org.openqa.selenium.remote.RemoteWebDriver.findElement(RemoteWebDriver.java:362)
at testExecutionSuite.ReusableCode.xp(ReusableCode.java:13)
at testExecutionSuite.Categoryproducts.cproducts(Categoryproducts.java:16)
at testExecutionSuite.TestExecute.Categoryproducts(TestExecute.java:37)
at java.base/jdk.internal.reflect.DirectMethodHandleAccessor.invoke(DirectMethodHandleAccessor.java:103)
at java.base/java.lang.reflect.Method.invoke(Method.java:580)
at org.testng.internal.invokers.MethodInvocationHelper.invokeMethod(MethodInvocationHelper.java:141)
at org.testng.internal.invokers.TestInvoker.invokeMethod(TestInvoker.java:687)
at org.testng.internal.invokers.TestInvoker.invokeTestMethod(TestInvoker.java:230)
at org.testng.internal.invokers.MethodRunner.runInSequence(MethodRunner.java:63)
at org.testng.internal.invokers.TestInvoker$MethodInvocationAgent.invoke(TestInvoker.java:995)
at org.testng.internal.invokers.TestInvoker.invokeTestMethods(TestInvoker.java:203)
at org.testng.internal.invokers.TestMethodWorker.invokeTestMethods(TestMethodWorker.java:154)
at org.testng.internal.invokers.TestMethodWorker.run(TestMethodWorker.java:134)
at java.base/java.util.ArrayList.forEach(ArrayList.java:1596)
at org.testng.TestRunner.privateRun(TestRunner.java:741)
at org.testng.TestRunner.run(TestRunner.java:616)
at org.testng.SuiteRunner.runTest(SuiteRunner.java:421)
at org.testng.SuiteRunner.runSequentially(SuiteRunner.java:413)
at org.testng.SuiteRunner.privateRun(SuiteRunner.java:373)
at org.testng.SuiteRunner.run(SuiteRunner.java:312)
at org.testng.SuiteRunnerWorker.runSuite(SuiteRunnerWorker.java:52)
at org.testng.SuiteRunnerWorker.run(SuiteRunnerWorker.java:95)
at org.testng.TestNG.runSuitesSequentially(TestNG.java:1274)
at org.testng.TestNG.runSuitesLocally(TestNG.java:1208)
at org.testng.TestNG.runSuites(TestNG.java:1112)
at org.testng.TestNG.run(TestNG.java:1079)
at org.testng.remote.AbstractRemoteTestNG.run(AbstractRemoteTestNG.java:115)
at org.testng.remote.RemoteTestNG.initAndRun(RemoteTestNG.java:293)
at org.testng.remote.RemoteTestNG.main(RemoteTestNG.java:91)
]]>
<<<<<<< HEAD
    </error>
  </testcase> <!-- Categoryproducts -->
  <testcase classname="testExecutionSuite.TestExecute" name="Scroll" time="2.039">
    <failure message="expected [Automation Exercise] but found [Automation Exercise - Signup / Login]" type="java.lang.AssertionError">
      <![CDATA[java.lang.AssertionError: expected [Automation Exercise] but found [Automation Exercise - Signup / Login]
=======
    </failure>
  </testcase> <!-- Logout -->
  <testcase classname="testExecutionSuite.TestExecute" name="Contact_us" time="0.007">
    <failure message="expected [Automation Exercise] but found [Automation Exercise - All Products]" type="java.lang.AssertionError">
      <![CDATA[java.lang.AssertionError: expected [Automation Exercise] but found [Automation Exercise - All Products]
>>>>>>> bad4c3466ef44faec1e5ed5194348ebbd813a44b
at org.testng.Assert.fail(Assert.java:111)
at org.testng.Assert.failNotEquals(Assert.java:1590)
at org.testng.Assert.assertEqualsImpl(Assert.java:150)
at org.testng.Assert.assertEquals(Assert.java:132)
at org.testng.Assert.assertEquals(Assert.java:656)
at org.testng.Assert.assertEquals(Assert.java:666)
<<<<<<< HEAD
at testExecutionSuite.Scroll.sc(Scroll.java:14)
at testExecutionSuite.TestExecute.Scroll(TestExecute.java:43)
=======
at testExecutionSuite.Contact_us.contact(Contact_us.java:21)
at testExecutionSuite.TestExecute.Contact_us(TestExecute.java:63)
>>>>>>> bad4c3466ef44faec1e5ed5194348ebbd813a44b
at java.base/jdk.internal.reflect.DirectMethodHandleAccessor.invoke(DirectMethodHandleAccessor.java:103)
at java.base/java.lang.reflect.Method.invoke(Method.java:580)
at org.testng.internal.invokers.MethodInvocationHelper.invokeMethod(MethodInvocationHelper.java:141)
at org.testng.internal.invokers.TestInvoker.invokeMethod(TestInvoker.java:687)
at org.testng.internal.invokers.TestInvoker.invokeTestMethod(TestInvoker.java:230)
at org.testng.internal.invokers.MethodRunner.runInSequence(MethodRunner.java:63)
at org.testng.internal.invokers.TestInvoker$MethodInvocationAgent.invoke(TestInvoker.java:995)
at org.testng.internal.invokers.TestInvoker.invokeTestMethods(TestInvoker.java:203)
at org.testng.internal.invokers.TestMethodWorker.invokeTestMethods(TestMethodWorker.java:154)
at org.testng.internal.invokers.TestMethodWorker.run(TestMethodWorker.java:134)
<<<<<<< HEAD
at java.base/java.util.ArrayList.forEach(ArrayList.java:1596)
=======
at java.base/java.util.ArrayList.forEach(ArrayList.java:1597)
>>>>>>> bad4c3466ef44faec1e5ed5194348ebbd813a44b
at org.testng.TestRunner.privateRun(TestRunner.java:741)
at org.testng.TestRunner.run(TestRunner.java:616)
at org.testng.SuiteRunner.runTest(SuiteRunner.java:421)
at org.testng.SuiteRunner.runSequentially(SuiteRunner.java:413)
at org.testng.SuiteRunner.privateRun(SuiteRunner.java:373)
at org.testng.SuiteRunner.run(SuiteRunner.java:312)
at org.testng.SuiteRunnerWorker.runSuite(SuiteRunnerWorker.java:52)
at org.testng.SuiteRunnerWorker.run(SuiteRunnerWorker.java:95)
at org.testng.TestNG.runSuitesSequentially(TestNG.java:1274)
at org.testng.TestNG.runSuitesLocally(TestNG.java:1208)
at org.testng.TestNG.runSuites(TestNG.java:1112)
at org.testng.TestNG.run(TestNG.java:1079)
at org.testng.remote.AbstractRemoteTestNG.run(AbstractRemoteTestNG.java:115)
at org.testng.remote.RemoteTestNG.initAndRun(RemoteTestNG.java:293)
at org.testng.remote.RemoteTestNG.main(RemoteTestNG.java:91)
]]>
    </failure>
<<<<<<< HEAD
  </testcase> <!-- Scroll -->
  <testcase classname="testExecutionSuite.TestExecute" name="sub_cart_page" time="0.017">
    <failure message="expected [Automation Exercise] but found [Automation Exercise - Signup / Login]" type="java.lang.AssertionError">
      <![CDATA[java.lang.AssertionError: expected [Automation Exercise] but found [Automation Exercise - Signup / Login]
=======
  </testcase> <!-- Contact_us -->
  <testcase classname="testExecutionSuite.TestExecute" name="Incorrectlogin" time="1.025">
    <failure message="expected [Automation Exercise - Signup / Login] but found [Automation Exercise - All Products]" type="java.lang.AssertionError">
      <![CDATA[java.lang.AssertionError: expected [Automation Exercise - Signup / Login] but found [Automation Exercise - All Products]
>>>>>>> bad4c3466ef44faec1e5ed5194348ebbd813a44b
at org.testng.Assert.fail(Assert.java:111)
at org.testng.Assert.failNotEquals(Assert.java:1590)
at org.testng.Assert.assertEqualsImpl(Assert.java:150)
at org.testng.Assert.assertEquals(Assert.java:132)
at org.testng.Assert.assertEquals(Assert.java:656)
at org.testng.Assert.assertEquals(Assert.java:666)
<<<<<<< HEAD
at testExecutionSuite.Sub_cart_page.cp(Sub_cart_page.java:16)
at testExecutionSuite.TestExecute.sub_cart_page(TestExecute.java:48)
=======
at testExecutionSuite.Login.inclogin(Login.java:54)
at testExecutionSuite.TestExecute.Incorrectlogin(TestExecute.java:108)
>>>>>>> bad4c3466ef44faec1e5ed5194348ebbd813a44b
at java.base/jdk.internal.reflect.DirectMethodHandleAccessor.invoke(DirectMethodHandleAccessor.java:103)
at java.base/java.lang.reflect.Method.invoke(Method.java:580)
at org.testng.internal.invokers.MethodInvocationHelper.invokeMethod(MethodInvocationHelper.java:141)
at org.testng.internal.invokers.TestInvoker.invokeMethod(TestInvoker.java:687)
at org.testng.internal.invokers.TestInvoker.invokeTestMethod(TestInvoker.java:230)
at org.testng.internal.invokers.MethodRunner.runInSequence(MethodRunner.java:63)
at org.testng.internal.invokers.TestInvoker$MethodInvocationAgent.invoke(TestInvoker.java:995)
at org.testng.internal.invokers.TestInvoker.invokeTestMethods(TestInvoker.java:203)
at org.testng.internal.invokers.TestMethodWorker.invokeTestMethods(TestMethodWorker.java:154)
at org.testng.internal.invokers.TestMethodWorker.run(TestMethodWorker.java:134)
<<<<<<< HEAD
at java.base/java.util.ArrayList.forEach(ArrayList.java:1596)
=======
at java.base/java.util.ArrayList.forEach(ArrayList.java:1597)
>>>>>>> bad4c3466ef44faec1e5ed5194348ebbd813a44b
at org.testng.TestRunner.privateRun(TestRunner.java:741)
at org.testng.TestRunner.run(TestRunner.java:616)
at org.testng.SuiteRunner.runTest(SuiteRunner.java:421)
at org.testng.SuiteRunner.runSequentially(SuiteRunner.java:413)
at org.testng.SuiteRunner.privateRun(SuiteRunner.java:373)
at org.testng.SuiteRunner.run(SuiteRunner.java:312)
at org.testng.SuiteRunnerWorker.runSuite(SuiteRunnerWorker.java:52)
at org.testng.SuiteRunnerWorker.run(SuiteRunnerWorker.java:95)
at org.testng.TestNG.runSuitesSequentially(TestNG.java:1274)
at org.testng.TestNG.runSuitesLocally(TestNG.java:1208)
at org.testng.TestNG.runSuites(TestNG.java:1112)
at org.testng.TestNG.run(TestNG.java:1079)
at org.testng.remote.AbstractRemoteTestNG.run(AbstractRemoteTestNG.java:115)
at org.testng.remote.RemoteTestNG.initAndRun(RemoteTestNG.java:293)
at org.testng.remote.RemoteTestNG.main(RemoteTestNG.java:91)
]]>
    </failure>
<<<<<<< HEAD
  </testcase> <!-- sub_cart_page -->
  <testcase classname="testExecutionSuite.TestExecute" name="productQuantity" time="0.009">
    <error type="java.lang.StackOverflowError">
      <![CDATA[java.lang.StackOverflowError
at testExecutionSuite.TestExecute.productQuantity(TestExecute.java:53)
at testExecutionSuite.TestExecute.productQuantity(TestExecute.java:53)
at testExecutionSuite.TestExecute.productQuantity(TestExecute.java:53)
at testExecutionSuite.TestExecute.productQuantity(TestExecute.java:53)
at testExecutionSuite.TestExecute.productQuantity(TestExecute.java:53)
at testExecutionSuite.TestExecute.productQuantity(TestExecute.java:53)
at testExecutionSuite.TestExecute.productQuantity(TestExecute.java:53)
at testExecutionSuite.TestExecute.productQuantity(TestExecute.java:53)
at testExecutionSuite.TestExecute.productQuantity(TestExecute.java:53)
at testExecutionSuite.TestExecute.productQuantity(TestExecute.java:53)
at testExecutionSuite.TestExecute.productQuantity(TestExecute.java:53)
at testExecutionSuite.TestExecute.productQuantity(TestExecute.java:53)
at testExecutionSuite.TestExecute.productQuantity(TestExecute.java:53)
at testExecutionSuite.TestExecute.productQuantity(TestExecute.java:53)
at testExecutionSuite.TestExecute.productQuantity(TestExecute.java:53)
at testExecutionSuite.TestExecute.productQuantity(TestExecute.java:53)
at testExecutionSuite.TestExecute.productQuantity(TestExecute.java:53)
at testExecutionSuite.TestExecute.productQuantity(TestExecute.java:53)
at testExecutionSuite.TestExecute.productQuantity(TestExecute.java:53)
at testExecutionSuite.TestExecute.productQuantity(TestExecute.java:53)
at testExecutionSuite.TestExecute.productQuantity(TestExecute.java:53)
at testExecutionSuite.TestExecute.productQuantity(TestExecute.java:53)
at testExecutionSuite.TestExecute.productQuantity(TestExecute.java:53)
at testExecutionSuite.TestExecute.productQuantity(TestExecute.java:53)
at testExecutionSuite.TestExecute.productQuantity(TestExecute.java:53)
at testExecutionSuite.TestExecute.productQuantity(TestExecute.java:53)
at testExecutionSuite.TestExecute.productQuantity(TestExecute.java:53)
at testExecutionSuite.TestExecute.productQuantity(TestExecute.java:53)
at testExecutionSuite.TestExecute.productQuantity(TestExecute.java:53)
at testExecutionSuite.TestExecute.productQuantity(TestExecute.java:53)
at testExecutionSuite.TestExecute.productQuantity(TestExecute.java:53)
at testExecutionSuite.TestExecute.productQuantity(TestExecute.java:53)
at testExecutionSuite.TestExecute.productQuantity(TestExecute.java:53)
at testExecutionSuite.TestExecute.productQuantity(TestExecute.java:53)
at testExecutionSuite.TestExecute.productQuantity(TestExecute.java:53)
at testExecutionSuite.TestExecute.productQuantity(TestExecute.java:53)
at testExecutionSuite.TestExecute.productQuantity(TestExecute.java:53)
at testExecutionSuite.TestExecute.productQuantity(TestExecute.java:53)
at testExecutionSuite.TestExecute.productQuantity(TestExecute.java:53)
at testExecutionSuite.TestExecute.productQuantity(TestExecute.java:53)
at testExecutionSuite.TestExecute.productQuantity(TestExecute.java:53)
at testExecutionSuite.TestExecute.productQuantity(TestExecute.java:53)
at testExecutionSuite.TestExecute.productQuantity(TestExecute.java:53)
at testExecutionSuite.TestExecute.productQuantity(TestExecute.java:53)
at testExecutionSuite.TestExecute.productQuantity(TestExecute.java:53)
at testExecutionSuite.TestExecute.productQuantity(TestExecute.java:53)
at testExecutionSuite.TestExecute.productQuantity(TestExecute.java:53)
at testExecutionSuite.TestExecute.productQuantity(TestExecute.java:53)
at testExecutionSuite.TestExecute.productQuantity(TestExecute.java:53)
at testExecutionSuite.TestExecute.productQuantity(TestExecute.java:53)
at testExecutionSuite.TestExecute.productQuantity(TestExecute.java:53)
at testExecutionSuite.TestExecute.productQuantity(TestExecute.java:53)
at testExecutionSuite.TestExecute.productQuantity(TestExecute.java:53)
at testExecutionSuite.TestExecute.productQuantity(TestExecute.java:53)
at testExecutionSuite.TestExecute.productQuantity(TestExecute.java:53)
at testExecutionSuite.TestExecute.productQuantity(TestExecute.java:53)
at testExecutionSuite.TestExecute.productQuantity(TestExecute.java:53)
at testExecutionSuite.TestExecute.productQuantity(TestExecute.java:53)
at testExecutionSuite.TestExecute.productQuantity(TestExecute.java:53)
at testExecutionSuite.TestExecute.productQuantity(TestExecute.java:53)
at testExecutionSuite.TestExecute.productQuantity(TestExecute.java:53)
at testExecutionSuite.TestExecute.productQuantity(TestExecute.java:53)
at testExecutionSuite.TestExecute.productQuantity(TestExecute.java:53)
at testExecutionSuite.TestExecute.productQuantity(TestExecute.java:53)
at testExecutionSuite.TestExecute.productQuantity(TestExecute.java:53)
at testExecutionSuite.TestExecute.productQuantity(TestExecute.java:53)
at testExecutionSuite.TestExecute.productQuantity(TestExecute.java:53)
at testExecutionSuite.TestExecute.productQuantity(TestExecute.java:53)
at testExecutionSuite.TestExecute.productQuantity(TestExecute.java:53)
at testExecutionSuite.TestExecute.productQuantity(TestExecute.java:53)
at testExecutionSuite.TestExecute.productQuantity(TestExecute.java:53)
at testExecutionSuite.TestExecute.productQuantity(TestExecute.java:53)
at testExecutionSuite.TestExecute.productQuantity(TestExecute.java:53)
at testExecutionSuite.TestExecute.productQuantity(TestExecute.java:53)
at testExecutionSuite.TestExecute.productQuantity(TestExecute.java:53)
at testExecutionSuite.TestExecute.productQuantity(TestExecute.java:53)
at testExecutionSuite.TestExecute.productQuantity(TestExecute.java:53)
at testExecutionSuite.TestExecute.productQuantity(TestExecute.java:53)
at testExecutionSuite.TestExecute.productQuantity(TestExecute.java:53)
at testExecutionSuite.TestExecute.productQuantity(TestExecute.java:53)
at testExecutionSuite.TestExecute.productQuantity(TestExecute.java:53)
at testExecutionSuite.TestExecute.productQuantity(TestExecute.java:53)
at testExecutionSuite.TestExecute.productQuantity(TestExecute.java:53)
at testExecutionSuite.TestExecute.productQuantity(TestExecute.java:53)
at testExecutionSuite.TestExecute.productQuantity(TestExecute.java:53)
at testExecutionSuite.TestExecute.productQuantity(TestExecute.java:53)
at testExecutionSuite.TestExecute.productQuantity(TestExecute.java:53)
at testExecutionSuite.TestExecute.productQuantity(TestExecute.java:53)
at testExecutionSuite.TestExecute.productQuantity(TestExecute.java:53)
at testExecutionSuite.TestExecute.productQuantity(TestExecute.java:53)
at testExecutionSuite.TestExecute.productQuantity(TestExecute.java:53)
at testExecutionSuite.TestExecute.productQuantity(TestExecute.java:53)
at testExecutionSuite.TestExecute.productQuantity(TestExecute.java:53)
at testExecutionSuite.TestExecute.productQuantity(TestExecute.java:53)
at testExecutionSuite.TestExecute.productQuantity(TestExecute.java:53)
at testExecutionSuite.TestExecute.productQuantity(TestExecute.java:53)
at testExecutionSuite.TestExecute.productQuantity(TestExecute.java:53)
at testExecutionSuite.TestExecute.productQuantity(TestExecute.java:53)
at testExecutionSuite.TestExecute.productQuantity(TestExecute.java:53)
at testExecutionSuite.TestExecute.productQuantity(TestExecute.java:53)
at testExecutionSuite.TestExecute.productQuantity(TestExecute.java:53)
at testExecutionSuite.TestExecute.productQuantity(TestExecute.java:53)
at testExecutionSuite.TestExecute.productQuantity(TestExecute.java:53)
at testExecutionSuite.TestExecute.productQuantity(TestExecute.java:53)
at testExecutionSuite.TestExecute.productQuantity(TestExecute.java:53)
at testExecutionSuite.TestExecute.productQuantity(TestExecute.java:53)
at testExecutionSuite.TestExecute.productQuantity(TestExecute.java:53)
at testExecutionSuite.TestExecute.productQuantity(TestExecute.java:53)
at testExecutionSuite.TestExecute.productQuantity(TestExecute.java:53)
at testExecutionSuite.TestExecute.productQuantity(TestExecute.java:53)
at testExecutionSuite.TestExecute.productQuantity(TestExecute.java:53)
at testExecutionSuite.TestExecute.productQuantity(TestExecute.java:53)
at testExecutionSuite.TestExecute.productQuantity(TestExecute.java:53)
at testExecutionSuite.TestExecute.productQuantity(TestExecute.java:53)
at testExecutionSuite.TestExecute.productQuantity(TestExecute.java:53)
at testExecutionSuite.TestExecute.productQuantity(TestExecute.java:53)
at testExecutionSuite.TestExecute.productQuantity(TestExecute.java:53)
at testExecutionSuite.TestExecute.productQuantity(TestExecute.java:53)
at testExecutionSuite.TestExecute.productQuantity(TestExecute.java:53)
at testExecutionSuite.TestExecute.productQuantity(TestExecute.java:53)
at testExecutionSuite.TestExecute.productQuantity(TestExecute.java:53)
at testExecutionSuite.TestExecute.productQuantity(TestExecute.java:53)
at testExecutionSuite.TestExecute.productQuantity(TestExecute.java:53)
at testExecutionSuite.TestExecute.productQuantity(TestExecute.java:53)
at testExecutionSuite.TestExecute.productQuantity(TestExecute.java:53)
at testExecutionSuite.TestExecute.productQuantity(TestExecute.java:53)
at testExecutionSuite.TestExecute.productQuantity(TestExecute.java:53)
at testExecutionSuite.TestExecute.productQuantity(TestExecute.java:53)
at testExecutionSuite.TestExecute.productQuantity(TestExecute.java:53)
at testExecutionSuite.TestExecute.productQuantity(TestExecute.java:53)
at testExecutionSuite.TestExecute.productQuantity(TestExecute.java:53)
at testExecutionSuite.TestExecute.productQuantity(TestExecute.java:53)
at testExecutionSuite.TestExecute.productQuantity(TestExecute.java:53)
at testExecutionSuite.TestExecute.productQuantity(TestExecute.java:53)
at testExecutionSuite.TestExecute.productQuantity(TestExecute.java:53)
at testExecutionSuite.TestExecute.productQuantity(TestExecute.java:53)
at testExecutionSuite.TestExecute.productQuantity(TestExecute.java:53)
at testExecutionSuite.TestExecute.productQuantity(TestExecute.java:53)
at testExecutionSuite.TestExecute.productQuantity(TestExecute.java:53)
at testExecutionSuite.TestExecute.productQuantity(TestExecute.java:53)
at testExecutionSuite.TestExecute.productQuantity(TestExecute.java:53)
at testExecutionSuite.TestExecute.productQuantity(TestExecute.java:53)
at testExecutionSuite.TestExecute.productQuantity(TestExecute.java:53)
at testExecutionSuite.TestExecute.productQuantity(TestExecute.java:53)
at testExecutionSuite.TestExecute.productQuantity(TestExecute.java:53)
at testExecutionSuite.TestExecute.productQuantity(TestExecute.java:53)
at testExecutionSuite.TestExecute.productQuantity(TestExecute.java:53)
at testExecutionSuite.TestExecute.productQuantity(TestExecute.java:53)
at testExecutionSuite.TestExecute.productQuantity(TestExecute.java:53)
at testExecutionSuite.TestExecute.productQuantity(TestExecute.java:53)
at testExecutionSuite.TestExecute.productQuantity(TestExecute.java:53)
at testExecutionSuite.TestExecute.productQuantity(TestExecute.java:53)
at testExecutionSuite.TestExecute.productQuantity(TestExecute.java:53)
at testExecutionSuite.TestExecute.productQuantity(TestExecute.java:53)
at testExecutionSuite.TestExecute.productQuantity(TestExecute.java:53)
at testExecutionSuite.TestExecute.productQuantity(TestExecute.java:53)
at testExecutionSuite.TestExecute.productQuantity(TestExecute.java:53)
at testExecutionSuite.TestExecute.productQuantity(TestExecute.java:53)
at testExecutionSuite.TestExecute.productQuantity(TestExecute.java:53)
at testExecutionSuite.TestExecute.productQuantity(TestExecute.java:53)
at testExecutionSuite.TestExecute.productQuantity(TestExecute.java:53)
at testExecutionSuite.TestExecute.productQuantity(TestExecute.java:53)
at testExecutionSuite.TestExecute.productQuantity(TestExecute.java:53)
at testExecutionSuite.TestExecute.productQuantity(TestExecute.java:53)
at testExecutionSuite.TestExecute.productQuantity(TestExecute.java:53)
at testExecutionSuite.TestExecute.productQuantity(TestExecute.java:53)
at testExecutionSuite.TestExecute.productQuantity(TestExecute.java:53)
at testExecutionSuite.TestExecute.productQuantity(TestExecute.java:53)
at testExecutionSuite.TestExecute.productQuantity(TestExecute.java:53)
at testExecutionSuite.TestExecute.productQuantity(TestExecute.java:53)
at testExecutionSuite.TestExecute.productQuantity(TestExecute.java:53)
at testExecutionSuite.TestExecute.productQuantity(TestExecute.java:53)
at testExecutionSuite.TestExecute.productQuantity(TestExecute.java:53)
at testExecutionSuite.TestExecute.productQuantity(TestExecute.java:53)
at testExecutionSuite.TestExecute.productQuantity(TestExecute.java:53)
at testExecutionSuite.TestExecute.productQuantity(TestExecute.java:53)
at testExecutionSuite.TestExecute.productQuantity(TestExecute.java:53)
at testExecutionSuite.TestExecute.productQuantity(TestExecute.java:53)
at testExecutionSuite.TestExecute.productQuantity(TestExecute.java:53)
at testExecutionSuite.TestExecute.productQuantity(TestExecute.java:53)
at testExecutionSuite.TestExecute.productQuantity(TestExecute.java:53)
at testExecutionSuite.TestExecute.productQuantity(TestExecute.java:53)
at testExecutionSuite.TestExecute.productQuantity(TestExecute.java:53)
at testExecutionSuite.TestExecute.productQuantity(TestExecute.java:53)
at testExecutionSuite.TestExecute.productQuantity(TestExecute.java:53)
at testExecutionSuite.TestExecute.productQuantity(TestExecute.java:53)
at testExecutionSuite.TestExecute.productQuantity(TestExecute.java:53)
at testExecutionSuite.TestExecute.productQuantity(TestExecute.java:53)
at testExecutionSuite.TestExecute.productQuantity(TestExecute.java:53)
at testExecutionSuite.TestExecute.productQuantity(TestExecute.java:53)
at testExecutionSuite.TestExecute.productQuantity(TestExecute.java:53)
at testExecutionSuite.TestExecute.productQuantity(TestExecute.java:53)
at testExecutionSuite.TestExecute.productQuantity(TestExecute.java:53)
at testExecutionSuite.TestExecute.productQuantity(TestExecute.java:53)
at testExecutionSuite.TestExecute.productQuantity(TestExecute.java:53)
at testExecutionSuite.TestExecute.productQuantity(TestExecute.java:53)
at testExecutionSuite.TestExecute.productQuantity(TestExecute.java:53)
at testExecutionSuite.TestExecute.productQuantity(TestExecute.java:53)
at testExecutionSuite.TestExecute.productQuantity(TestExecute.java:53)
at testExecutionSuite.TestExecute.productQuantity(TestExecute.java:53)
at testExecutionSuite.TestExecute.productQuantity(TestExecute.java:53)
at testExecutionSuite.TestExecute.productQuantity(TestExecute.java:53)
at testExecutionSuite.TestExecute.productQuantity(TestExecute.java:53)
at testExecutionSuite.TestExecute.productQuantity(TestExecute.java:53)
at testExecutionSuite.TestExecute.productQuantity(TestExecute.java:53)
at testExecutionSuite.TestExecute.productQuantity(TestExecute.java:53)
at testExecutionSuite.TestExecute.productQuantity(TestExecute.java:53)
at testExecutionSuite.TestExecute.productQuantity(TestExecute.java:53)
at testExecutionSuite.TestExecute.productQuantity(TestExecute.java:53)
at testExecutionSuite.TestExecute.productQuantity(TestExecute.java:53)
at testExecutionSuite.TestExecute.productQuantity(TestExecute.java:53)
at testExecutionSuite.TestExecute.productQuantity(TestExecute.java:53)
at testExecutionSuite.TestExecute.productQuantity(TestExecute.java:53)
at testExecutionSuite.TestExecute.productQuantity(TestExecute.java:53)
at testExecutionSuite.TestExecute.productQuantity(TestExecute.java:53)
at testExecutionSuite.TestExecute.productQuantity(TestExecute.java:53)
at testExecutionSuite.TestExecute.productQuantity(TestExecute.java:53)
at testExecutionSuite.TestExecute.productQuantity(TestExecute.java:53)
at testExecutionSuite.TestExecute.productQuantity(TestExecute.java:53)
at testExecutionSuite.TestExecute.productQuantity(TestExecute.java:53)
at testExecutionSuite.TestExecute.productQuantity(TestExecute.java:53)
at testExecutionSuite.TestExecute.productQuantity(TestExecute.java:53)
at testExecutionSuite.TestExecute.productQuantity(TestExecute.java:53)
at testExecutionSuite.TestExecute.productQuantity(TestExecute.java:53)
at testExecutionSuite.TestExecute.productQuantity(TestExecute.java:53)
at testExecutionSuite.TestExecute.productQuantity(TestExecute.java:53)
at testExecutionSuite.TestExecute.productQuantity(TestExecute.java:53)
at testExecutionSuite.TestExecute.productQuantity(TestExecute.java:53)
at testExecutionSuite.TestExecute.productQuantity(TestExecute.java:53)
at testExecutionSuite.TestExecute.productQuantity(TestExecute.java:53)
at testExecutionSuite.TestExecute.productQuantity(TestExecute.java:53)
at testExecutionSuite.TestExecute.productQuantity(TestExecute.java:53)
at testExecutionSuite.TestExecute.productQuantity(TestExecute.java:53)
at testExecutionSuite.TestExecute.productQuantity(TestExecute.java:53)
at testExecutionSuite.TestExecute.productQuantity(TestExecute.java:53)
at testExecutionSuite.TestExecute.productQuantity(TestExecute.java:53)
at testExecutionSuite.TestExecute.productQuantity(TestExecute.java:53)
at testExecutionSuite.TestExecute.productQuantity(TestExecute.java:53)
at testExecutionSuite.TestExecute.productQuantity(TestExecute.java:53)
at testExecutionSuite.TestExecute.productQuantity(TestExecute.java:53)
at testExecutionSuite.TestExecute.productQuantity(TestExecute.java:53)
at testExecutionSuite.TestExecute.productQuantity(TestExecute.java:53)
at testExecutionSuite.TestExecute.productQuantity(TestExecute.java:53)
at testExecutionSuite.TestExecute.productQuantity(TestExecute.java:53)
at testExecutionSuite.TestExecute.productQuantity(TestExecute.java:53)
at testExecutionSuite.TestExecute.productQuantity(TestExecute.java:53)
at testExecutionSuite.TestExecute.productQuantity(TestExecute.java:53)
at testExecutionSuite.TestExecute.productQuantity(TestExecute.java:53)
at testExecutionSuite.TestExecute.productQuantity(TestExecute.java:53)
at testExecutionSuite.TestExecute.productQuantity(TestExecute.java:53)
at testExecutionSuite.TestExecute.productQuantity(TestExecute.java:53)
at testExecutionSuite.TestExecute.productQuantity(TestExecute.java:53)
at testExecutionSuite.TestExecute.productQuantity(TestExecute.java:53)
at testExecutionSuite.TestExecute.productQuantity(TestExecute.java:53)
at testExecutionSuite.TestExecute.productQuantity(TestExecute.java:53)
at testExecutionSuite.TestExecute.productQuantity(TestExecute.java:53)
at testExecutionSuite.TestExecute.productQuantity(TestExecute.java:53)
at testExecutionSuite.TestExecute.productQuantity(TestExecute.java:53)
at testExecutionSuite.TestExecute.productQuantity(TestExecute.java:53)
at testExecutionSuite.TestExecute.productQuantity(TestExecute.java:53)
at testExecutionSuite.TestExecute.productQuantity(TestExecute.java:53)
at testExecutionSuite.TestExecute.productQuantity(TestExecute.java:53)
at testExecutionSuite.TestExecute.productQuantity(TestExecute.java:53)
at testExecutionSuite.TestExecute.productQuantity(TestExecute.java:53)
at testExecutionSuite.TestExecute.productQuantity(TestExecute.java:53)
at testExecutionSuite.TestExecute.productQuantity(TestExecute.java:53)
at testExecutionSuite.TestExecute.productQuantity(TestExecute.java:53)
at testExecutionSuite.TestExecute.productQuantity(TestExecute.java:53)
at testExecutionSuite.TestExecute.productQuantity(TestExecute.java:53)
at testExecutionSuite.TestExecute.productQuantity(TestExecute.java:53)
at testExecutionSuite.TestExecute.productQuantity(TestExecute.java:53)
at testExecutionSuite.TestExecute.productQuantity(TestExecute.java:53)
at testExecutionSuite.TestExecute.productQuantity(TestExecute.java:53)
at testExecutionSuite.TestExecute.productQuantity(TestExecute.java:53)
at testExecutionSuite.TestExecute.productQuantity(TestExecute.java:53)
at testExecutionSuite.TestExecute.productQuantity(TestExecute.java:53)
at testExecutionSuite.TestExecute.productQuantity(TestExecute.java:53)
at testExecutionSuite.TestExecute.productQuantity(TestExecute.java:53)
at testExecutionSuite.TestExecute.productQuantity(TestExecute.java:53)
at testExecutionSuite.TestExecute.productQuantity(TestExecute.java:53)
at testExecutionSuite.TestExecute.productQuantity(TestExecute.java:53)
at testExecutionSuite.TestExecute.productQuantity(TestExecute.java:53)
at testExecutionSuite.TestExecute.productQuantity(TestExecute.java:53)
at testExecutionSuite.TestExecute.productQuantity(TestExecute.java:53)
at testExecutionSuite.TestExecute.productQuantity(TestExecute.java:53)
at testExecutionSuite.TestExecute.productQuantity(TestExecute.java:53)
at testExecutionSuite.TestExecute.productQuantity(TestExecute.java:53)
at testExecutionSuite.TestExecute.productQuantity(TestExecute.java:53)
at testExecutionSuite.TestExecute.productQuantity(TestExecute.java:53)
at testExecutionSuite.TestExecute.productQuantity(TestExecute.java:53)
at testExecutionSuite.TestExecute.productQuantity(TestExecute.java:53)
at testExecutionSuite.TestExecute.productQuantity(TestExecute.java:53)
at testExecutionSuite.TestExecute.productQuantity(TestExecute.java:53)
at testExecutionSuite.TestExecute.productQuantity(TestExecute.java:53)
at testExecutionSuite.TestExecute.productQuantity(TestExecute.java:53)
at testExecutionSuite.TestExecute.productQuantity(TestExecute.java:53)
at testExecutionSuite.TestExecute.productQuantity(TestExecute.java:53)
at testExecutionSuite.TestExecute.productQuantity(TestExecute.java:53)
at testExecutionSuite.TestExecute.productQuantity(TestExecute.java:53)
at testExecutionSuite.TestExecute.productQuantity(TestExecute.java:53)
at testExecutionSuite.TestExecute.productQuantity(TestExecute.java:53)
at testExecutionSuite.TestExecute.productQuantity(TestExecute.java:53)
at testExecutionSuite.TestExecute.productQuantity(TestExecute.java:53)
at testExecutionSuite.TestExecute.productQuantity(TestExecute.java:53)
at testExecutionSuite.TestExecute.productQuantity(TestExecute.java:53)
at testExecutionSuite.TestExecute.productQuantity(TestExecute.java:53)
at testExecutionSuite.TestExecute.productQuantity(TestExecute.java:53)
at testExecutionSuite.TestExecute.productQuantity(TestExecute.java:53)
at testExecutionSuite.TestExecute.productQuantity(TestExecute.java:53)
at testExecutionSuite.TestExecute.productQuantity(TestExecute.java:53)
at testExecutionSuite.TestExecute.productQuantity(TestExecute.java:53)
at testExecutionSuite.TestExecute.productQuantity(TestExecute.java:53)
at testExecutionSuite.TestExecute.productQuantity(TestExecute.java:53)
at testExecutionSuite.TestExecute.productQuantity(TestExecute.java:53)
at testExecutionSuite.TestExecute.productQuantity(TestExecute.java:53)
at testExecutionSuite.TestExecute.productQuantity(TestExecute.java:53)
at testExecutionSuite.TestExecute.productQuantity(TestExecute.java:53)
at testExecutionSuite.TestExecute.productQuantity(TestExecute.java:53)
at testExecutionSuite.TestExecute.productQuantity(TestExecute.java:53)
at testExecutionSuite.TestExecute.productQuantity(TestExecute.java:53)
at testExecutionSuite.TestExecute.productQuantity(TestExecute.java:53)
at testExecutionSuite.TestExecute.productQuantity(TestExecute.java:53)
at testExecutionSuite.TestExecute.productQuantity(TestExecute.java:53)
at testExecutionSuite.TestExecute.productQuantity(TestExecute.java:53)
at testExecutionSuite.TestExecute.productQuantity(TestExecute.java:53)
at testExecutionSuite.TestExecute.productQuantity(TestExecute.java:53)
at testExecutionSuite.TestExecute.productQuantity(TestExecute.java:53)
at testExecutionSuite.TestExecute.productQuantity(TestExecute.java:53)
at testExecutionSuite.TestExecute.productQuantity(TestExecute.java:53)
at testExecutionSuite.TestExecute.productQuantity(TestExecute.java:53)
at testExecutionSuite.TestExecute.productQuantity(TestExecute.java:53)
at testExecutionSuite.TestExecute.productQuantity(TestExecute.java:53)
at testExecutionSuite.TestExecute.productQuantity(TestExecute.java:53)
at testExecutionSuite.TestExecute.productQuantity(TestExecute.java:53)
at testExecutionSuite.TestExecute.productQuantity(TestExecute.java:53)
at testExecutionSuite.TestExecute.productQuantity(TestExecute.java:53)
at testExecutionSuite.TestExecute.productQuantity(TestExecute.java:53)
at testExecutionSuite.TestExecute.productQuantity(TestExecute.java:53)
at testExecutionSuite.TestExecute.productQuantity(TestExecute.java:53)
at testExecutionSuite.TestExecute.productQuantity(TestExecute.java:53)
at testExecutionSuite.TestExecute.productQuantity(TestExecute.java:53)
at testExecutionSuite.TestExecute.productQuantity(TestExecute.java:53)
at testExecutionSuite.TestExecute.productQuantity(TestExecute.java:53)
at testExecutionSuite.TestExecute.productQuantity(TestExecute.java:53)
at testExecutionSuite.TestExecute.productQuantity(TestExecute.java:53)
at testExecutionSuite.TestExecute.productQuantity(TestExecute.java:53)
at testExecutionSuite.TestExecute.productQuantity(TestExecute.java:53)
at testExecutionSuite.TestExecute.productQuantity(TestExecute.java:53)
at testExecutionSuite.TestExecute.productQuantity(TestExecute.java:53)
at testExecutionSuite.TestExecute.productQuantity(TestExecute.java:53)
at testExecutionSuite.TestExecute.productQuantity(TestExecute.java:53)
at testExecutionSuite.TestExecute.productQuantity(TestExecute.java:53)
at testExecutionSuite.TestExecute.productQuantity(TestExecute.java:53)
at testExecutionSuite.TestExecute.productQuantity(TestExecute.java:53)
at testExecutionSuite.TestExecute.productQuantity(TestExecute.java:53)
at testExecutionSuite.TestExecute.productQuantity(TestExecute.java:53)
at testExecutionSuite.TestExecute.productQuantity(TestExecute.java:53)
at testExecutionSuite.TestExecute.productQuantity(TestExecute.java:53)
at testExecutionSuite.TestExecute.productQuantity(TestExecute.java:53)
at testExecutionSuite.TestExecute.productQuantity(TestExecute.java:53)
at testExecutionSuite.TestExecute.productQuantity(TestExecute.java:53)
at testExecutionSuite.TestExecute.productQuantity(TestExecute.java:53)
at testExecutionSuite.TestExecute.productQuantity(TestExecute.java:53)
at testExecutionSuite.TestExecute.productQuantity(TestExecute.java:53)
at testExecutionSuite.TestExecute.productQuantity(TestExecute.java:53)
at testExecutionSuite.TestExecute.productQuantity(TestExecute.java:53)
at testExecutionSuite.TestExecute.productQuantity(TestExecute.java:53)
at testExecutionSuite.TestExecute.productQuantity(TestExecute.java:53)
at testExecutionSuite.TestExecute.productQuantity(TestExecute.java:53)
at testExecutionSuite.TestExecute.productQuantity(TestExecute.java:53)
at testExecutionSuite.TestExecute.productQuantity(TestExecute.java:53)
at testExecutionSuite.TestExecute.productQuantity(TestExecute.java:53)
at testExecutionSuite.TestExecute.productQuantity(TestExecute.java:53)
at testExecutionSuite.TestExecute.productQuantity(TestExecute.java:53)
at testExecutionSuite.TestExecute.productQuantity(TestExecute.java:53)
at testExecutionSuite.TestExecute.productQuantity(TestExecute.java:53)
at testExecutionSuite.TestExecute.productQuantity(TestExecute.java:53)
at testExecutionSuite.TestExecute.productQuantity(TestExecute.java:53)
at testExecutionSuite.TestExecute.productQuantity(TestExecute.java:53)
at testExecutionSuite.TestExecute.productQuantity(TestExecute.java:53)
at testExecutionSuite.TestExecute.productQuantity(TestExecute.java:53)
at testExecutionSuite.TestExecute.productQuantity(TestExecute.java:53)
at testExecutionSuite.TestExecute.productQuantity(TestExecute.java:53)
at testExecutionSuite.TestExecute.productQuantity(TestExecute.java:53)
at testExecutionSuite.TestExecute.productQuantity(TestExecute.java:53)
at testExecutionSuite.TestExecute.productQuantity(TestExecute.java:53)
at testExecutionSuite.TestExecute.productQuantity(TestExecute.java:53)
at testExecutionSuite.TestExecute.productQuantity(TestExecute.java:53)
at testExecutionSuite.TestExecute.productQuantity(TestExecute.java:53)
at testExecutionSuite.TestExecute.productQuantity(TestExecute.java:53)
at testExecutionSuite.TestExecute.productQuantity(TestExecute.java:53)
at testExecutionSuite.TestExecute.productQuantity(TestExecute.java:53)
at testExecutionSuite.TestExecute.productQuantity(TestExecute.java:53)
at testExecutionSuite.TestExecute.productQuantity(TestExecute.java:53)
at testExecutionSuite.TestExecute.productQuantity(TestExecute.java:53)
at testExecutionSuite.TestExecute.productQuantity(TestExecute.java:53)
at testExecutionSuite.TestExecute.productQuantity(TestExecute.java:53)
at testExecutionSuite.TestExecute.productQuantity(TestExecute.java:53)
at testExecutionSuite.TestExecute.productQuantity(TestExecute.java:53)
at testExecutionSuite.TestExecute.productQuantity(TestExecute.java:53)
at testExecutionSuite.TestExecute.productQuantity(TestExecute.java:53)
at testExecutionSuite.TestExecute.productQuantity(TestExecute.java:53)
at testExecutionSuite.TestExecute.productQuantity(TestExecute.java:53)
at testExecutionSuite.TestExecute.productQuantity(TestExecute.java:53)
at testExecutionSuite.TestExecute.productQuantity(TestExecute.java:53)
at testExecutionSuite.TestExecute.productQuantity(TestExecute.java:53)
at testExecutionSuite.TestExecute.productQuantity(TestExecute.java:53)
at testExecutionSuite.TestExecute.productQuantity(TestExecute.java:53)
at testExecutionSuite.TestExecute.productQuantity(TestExecute.java:53)
at testExecutionSuite.TestExecute.productQuantity(TestExecute.java:53)
at testExecutionSuite.TestExecute.productQuantity(TestExecute.java:53)
at testExecutionSuite.TestExecute.productQuantity(TestExecute.java:53)
at testExecutionSuite.TestExecute.productQuantity(TestExecute.java:53)
at testExecutionSuite.TestExecute.productQuantity(TestExecute.java:53)
at testExecutionSuite.TestExecute.productQuantity(TestExecute.java:53)
at testExecutionSuite.TestExecute.productQuantity(TestExecute.java:53)
at testExecutionSuite.TestExecute.productQuantity(TestExecute.java:53)
at testExecutionSuite.TestExecute.productQuantity(TestExecute.java:53)
at testExecutionSuite.TestExecute.productQuantity(TestExecute.java:53)
at testExecutionSuite.TestExecute.productQuantity(TestExecute.java:53)
at testExecutionSuite.TestExecute.productQuantity(TestExecute.java:53)
at testExecutionSuite.TestExecute.productQuantity(TestExecute.java:53)
at testExecutionSuite.TestExecute.productQuantity(TestExecute.java:53)
at testExecutionSuite.TestExecute.productQuantity(TestExecute.java:53)
at testExecutionSuite.TestExecute.productQuantity(TestExecute.java:53)
at testExecutionSuite.TestExecute.productQuantity(TestExecute.java:53)
at testExecutionSuite.TestExecute.productQuantity(TestExecute.java:53)
at testExecutionSuite.TestExecute.productQuantity(TestExecute.java:53)
at testExecutionSuite.TestExecute.productQuantity(TestExecute.java:53)
at testExecutionSuite.TestExecute.productQuantity(TestExecute.java:53)
at testExecutionSuite.TestExecute.productQuantity(TestExecute.java:53)
at testExecutionSuite.TestExecute.productQuantity(TestExecute.java:53)
at testExecutionSuite.TestExecute.productQuantity(TestExecute.java:53)
at testExecutionSuite.TestExecute.productQuantity(TestExecute.java:53)
at testExecutionSuite.TestExecute.productQuantity(TestExecute.java:53)
at testExecutionSuite.TestExecute.productQuantity(TestExecute.java:53)
at testExecutionSuite.TestExecute.productQuantity(TestExecute.java:53)
at testExecutionSuite.TestExecute.productQuantity(TestExecute.java:53)
at testExecutionSuite.TestExecute.productQuantity(TestExecute.java:53)
at testExecutionSuite.TestExecute.productQuantity(TestExecute.java:53)
at testExecutionSuite.TestExecute.productQuantity(TestExecute.java:53)
at testExecutionSuite.TestExecute.productQuantity(TestExecute.java:53)
at testExecutionSuite.TestExecute.productQuantity(TestExecute.java:53)
at testExecutionSuite.TestExecute.productQuantity(TestExecute.java:53)
at testExecutionSuite.TestExecute.productQuantity(TestExecute.java:53)
at testExecutionSuite.TestExecute.productQuantity(TestExecute.java:53)
at testExecutionSuite.TestExecute.productQuantity(TestExecute.java:53)
at testExecutionSuite.TestExecute.productQuantity(TestExecute.java:53)
at testExecutionSuite.TestExecute.productQuantity(TestExecute.java:53)
at testExecutionSuite.TestExecute.productQuantity(TestExecute.java:53)
at testExecutionSuite.TestExecute.productQuantity(TestExecute.java:53)
at testExecutionSuite.TestExecute.productQuantity(TestExecute.java:53)
at testExecutionSuite.TestExecute.productQuantity(TestExecute.java:53)
at testExecutionSuite.TestExecute.productQuantity(TestExecute.java:53)
at testExecutionSuite.TestExecute.productQuantity(TestExecute.java:53)
at testExecutionSuite.TestExecute.productQuantity(TestExecute.java:53)
at testExecutionSuite.TestExecute.productQuantity(TestExecute.java:53)
at testExecutionSuite.TestExecute.productQuantity(TestExecute.java:53)
at testExecutionSuite.TestExecute.productQuantity(TestExecute.java:53)
at testExecutionSuite.TestExecute.productQuantity(TestExecute.java:53)
at testExecutionSuite.TestExecute.productQuantity(TestExecute.java:53)
at testExecutionSuite.TestExecute.productQuantity(TestExecute.java:53)
at testExecutionSuite.TestExecute.productQuantity(TestExecute.java:53)
at testExecutionSuite.TestExecute.productQuantity(TestExecute.java:53)
at testExecutionSuite.TestExecute.productQuantity(TestExecute.java:53)
at testExecutionSuite.TestExecute.productQuantity(TestExecute.java:53)
at testExecutionSuite.TestExecute.productQuantity(TestExecute.java:53)
at testExecutionSuite.TestExecute.productQuantity(TestExecute.java:53)
at testExecutionSuite.TestExecute.productQuantity(TestExecute.java:53)
at testExecutionSuite.TestExecute.productQuantity(TestExecute.java:53)
at testExecutionSuite.TestExecute.productQuantity(TestExecute.java:53)
at testExecutionSuite.TestExecute.productQuantity(TestExecute.java:53)
at testExecutionSuite.TestExecute.productQuantity(TestExecute.java:53)
at testExecutionSuite.TestExecute.productQuantity(TestExecute.java:53)
at testExecutionSuite.TestExecute.productQuantity(TestExecute.java:53)
at testExecutionSuite.TestExecute.productQuantity(TestExecute.java:53)
at testExecutionSuite.TestExecute.productQuantity(TestExecute.java:53)
at testExecutionSuite.TestExecute.productQuantity(TestExecute.java:53)
at testExecutionSuite.TestExecute.productQuantity(TestExecute.java:53)
at testExecutionSuite.TestExecute.productQuantity(TestExecute.java:53)
at testExecutionSuite.TestExecute.productQuantity(TestExecute.java:53)
at testExecutionSuite.TestExecute.productQuantity(TestExecute.java:53)
at testExecutionSuite.TestExecute.productQuantity(TestExecute.java:53)
at testExecutionSuite.TestExecute.productQuantity(TestExecute.java:53)
at testExecutionSuite.TestExecute.productQuantity(TestExecute.java:53)
at testExecutionSuite.TestExecute.productQuantity(TestExecute.java:53)
at testExecutionSuite.TestExecute.productQuantity(TestExecute.java:53)
at testExecutionSuite.TestExecute.productQuantity(TestExecute.java:53)
at testExecutionSuite.TestExecute.productQuantity(TestExecute.java:53)
at testExecutionSuite.TestExecute.productQuantity(TestExecute.java:53)
at testExecutionSuite.TestExecute.productQuantity(TestExecute.java:53)
at testExecutionSuite.TestExecute.productQuantity(TestExecute.java:53)
at testExecutionSuite.TestExecute.productQuantity(TestExecute.java:53)
at testExecutionSuite.TestExecute.productQuantity(TestExecute.java:53)
at testExecutionSuite.TestExecute.productQuantity(TestExecute.java:53)
at testExecutionSuite.TestExecute.productQuantity(TestExecute.java:53)
at testExecutionSuite.TestExecute.productQuantity(TestExecute.java:53)
at testExecutionSuite.TestExecute.productQuantity(TestExecute.java:53)
at testExecutionSuite.TestExecute.productQuantity(TestExecute.java:53)
at testExecutionSuite.TestExecute.productQuantity(TestExecute.java:53)
at testExecutionSuite.TestExecute.productQuantity(TestExecute.java:53)
at testExecutionSuite.TestExecute.productQuantity(TestExecute.java:53)
at testExecutionSuite.TestExecute.productQuantity(TestExecute.java:53)
at testExecutionSuite.TestExecute.productQuantity(TestExecute.java:53)
at testExecutionSuite.TestExecute.productQuantity(TestExecute.java:53)
at testExecutionSuite.TestExecute.productQuantity(TestExecute.java:53)
at testExecutionSuite.TestExecute.productQuantity(TestExecute.java:53)
at testExecutionSuite.TestExecute.productQuantity(TestExecute.java:53)
at testExecutionSuite.TestExecute.productQuantity(TestExecute.java:53)
at testExecutionSuite.TestExecute.productQuantity(TestExecute.java:53)
at testExecutionSuite.TestExecute.productQuantity(TestExecute.java:53)
at testExecutionSuite.TestExecute.productQuantity(TestExecute.java:53)
at testExecutionSuite.TestExecute.productQuantity(TestExecute.java:53)
at testExecutionSuite.TestExecute.productQuantity(TestExecute.java:53)
at testExecutionSuite.TestExecute.productQuantity(TestExecute.java:53)
at testExecutionSuite.TestExecute.productQuantity(TestExecute.java:53)
at testExecutionSuite.TestExecute.productQuantity(TestExecute.java:53)
at testExecutionSuite.TestExecute.productQuantity(TestExecute.java:53)
at testExecutionSuite.TestExecute.productQuantity(TestExecute.java:53)
at testExecutionSuite.TestExecute.productQuantity(TestExecute.java:53)
at testExecutionSuite.TestExecute.productQuantity(TestExecute.java:53)
at testExecutionSuite.TestExecute.productQuantity(TestExecute.java:53)
at testExecutionSuite.TestExecute.productQuantity(TestExecute.java:53)
at testExecutionSuite.TestExecute.productQuantity(TestExecute.java:53)
at testExecutionSuite.TestExecute.productQuantity(TestExecute.java:53)
at testExecutionSuite.TestExecute.productQuantity(TestExecute.java:53)
at testExecutionSuite.TestExecute.productQuantity(TestExecute.java:53)
at testExecutionSuite.TestExecute.productQuantity(TestExecute.java:53)
at testExecutionSuite.TestExecute.productQuantity(TestExecute.java:53)
at testExecutionSuite.TestExecute.productQuantity(TestExecute.java:53)
at testExecutionSuite.TestExecute.productQuantity(TestExecute.java:53)
at testExecutionSuite.TestExecute.productQuantity(TestExecute.java:53)
at testExecutionSuite.TestExecute.productQuantity(TestExecute.java:53)
at testExecutionSuite.TestExecute.productQuantity(TestExecute.java:53)
at testExecutionSuite.TestExecute.productQuantity(TestExecute.java:53)
at testExecutionSuite.TestExecute.productQuantity(TestExecute.java:53)
at testExecutionSuite.TestExecute.productQuantity(TestExecute.java:53)
at testExecutionSuite.TestExecute.productQuantity(TestExecute.java:53)
at testExecutionSuite.TestExecute.productQuantity(TestExecute.java:53)
at testExecutionSuite.TestExecute.productQuantity(TestExecute.java:53)
at testExecutionSuite.TestExecute.productQuantity(TestExecute.java:53)
at testExecutionSuite.TestExecute.productQuantity(TestExecute.java:53)
at testExecutionSuite.TestExecute.productQuantity(TestExecute.java:53)
at testExecutionSuite.TestExecute.productQuantity(TestExecute.java:53)
at testExecutionSuite.TestExecute.productQuantity(TestExecute.java:53)
at testExecutionSuite.TestExecute.productQuantity(TestExecute.java:53)
at testExecutionSuite.TestExecute.productQuantity(TestExecute.java:53)
at testExecutionSuite.TestExecute.productQuantity(TestExecute.java:53)
at testExecutionSuite.TestExecute.productQuantity(TestExecute.java:53)
at testExecutionSuite.TestExecute.productQuantity(TestExecute.java:53)
at testExecutionSuite.TestExecute.productQuantity(TestExecute.java:53)
at testExecutionSuite.TestExecute.productQuantity(TestExecute.java:53)
at testExecutionSuite.TestExecute.productQuantity(TestExecute.java:53)
at testExecutionSuite.TestExecute.productQuantity(TestExecute.java:53)
at testExecutionSuite.TestExecute.productQuantity(TestExecute.java:53)
at testExecutionSuite.TestExecute.productQuantity(TestExecute.java:53)
at testExecutionSuite.TestExecute.productQuantity(TestExecute.java:53)
at testExecutionSuite.TestExecute.productQuantity(TestExecute.java:53)
at testExecutionSuite.TestExecute.productQuantity(TestExecute.java:53)
at testExecutionSuite.TestExecute.productQuantity(TestExecute.java:53)
at testExecutionSuite.TestExecute.productQuantity(TestExecute.java:53)
at testExecutionSuite.TestExecute.productQuantity(TestExecute.java:53)
at testExecutionSuite.TestExecute.productQuantity(TestExecute.java:53)
at testExecutionSuite.TestExecute.productQuantity(TestExecute.java:53)
at testExecutionSuite.TestExecute.productQuantity(TestExecute.java:53)
at testExecutionSuite.TestExecute.productQuantity(TestExecute.java:53)
at testExecutionSuite.TestExecute.productQuantity(TestExecute.java:53)
at testExecutionSuite.TestExecute.productQuantity(TestExecute.java:53)
at testExecutionSuite.TestExecute.productQuantity(TestExecute.java:53)
at testExecutionSuite.TestExecute.productQuantity(TestExecute.java:53)
at testExecutionSuite.TestExecute.productQuantity(TestExecute.java:53)
at testExecutionSuite.TestExecute.productQuantity(TestExecute.java:53)
at testExecutionSuite.TestExecute.productQuantity(TestExecute.java:53)
at testExecutionSuite.TestExecute.productQuantity(TestExecute.java:53)
at testExecutionSuite.TestExecute.productQuantity(TestExecute.java:53)
at testExecutionSuite.TestExecute.productQuantity(TestExecute.java:53)
at testExecutionSuite.TestExecute.productQuantity(TestExecute.java:53)
at testExecutionSuite.TestExecute.productQuantity(TestExecute.java:53)
at testExecutionSuite.TestExecute.productQuantity(TestExecute.java:53)
at testExecutionSuite.TestExecute.productQuantity(TestExecute.java:53)
at testExecutionSuite.TestExecute.productQuantity(TestExecute.java:53)
at testExecutionSuite.TestExecute.productQuantity(TestExecute.java:53)
at testExecutionSuite.TestExecute.productQuantity(TestExecute.java:53)
at testExecutionSuite.TestExecute.productQuantity(TestExecute.java:53)
at testExecutionSuite.TestExecute.productQuantity(TestExecute.java:53)
at testExecutionSuite.TestExecute.productQuantity(TestExecute.java:53)
at testExecutionSuite.TestExecute.productQuantity(TestExecute.java:53)
at testExecutionSuite.TestExecute.productQuantity(TestExecute.java:53)
at testExecutionSuite.TestExecute.productQuantity(TestExecute.java:53)
at testExecutionSuite.TestExecute.productQuantity(TestExecute.java:53)
at testExecutionSuite.TestExecute.productQuantity(TestExecute.java:53)
at testExecutionSuite.TestExecute.productQuantity(TestExecute.java:53)
at testExecutionSuite.TestExecute.productQuantity(TestExecute.java:53)
at testExecutionSuite.TestExecute.productQuantity(TestExecute.java:53)
at testExecutionSuite.TestExecute.productQuantity(TestExecute.java:53)
at testExecutionSuite.TestExecute.productQuantity(TestExecute.java:53)
at testExecutionSuite.TestExecute.productQuantity(TestExecute.java:53)
at testExecutionSuite.TestExecute.productQuantity(TestExecute.java:53)
at testExecutionSuite.TestExecute.productQuantity(TestExecute.java:53)
at testExecutionSuite.TestExecute.productQuantity(TestExecute.java:53)
at testExecutionSuite.TestExecute.productQuantity(TestExecute.java:53)
at testExecutionSuite.TestExecute.productQuantity(TestExecute.java:53)
at testExecutionSuite.TestExecute.productQuantity(TestExecute.java:53)
at testExecutionSuite.TestExecute.productQuantity(TestExecute.java:53)
at testExecutionSuite.TestExecute.productQuantity(TestExecute.java:53)
at testExecutionSuite.TestExecute.productQuantity(TestExecute.java:53)
at testExecutionSuite.TestExecute.productQuantity(TestExecute.java:53)
at testExecutionSuite.TestExecute.productQuantity(TestExecute.java:53)
at testExecutionSuite.TestExecute.productQuantity(TestExecute.java:53)
at testExecutionSuite.TestExecute.productQuantity(TestExecute.java:53)
at testExecutionSuite.TestExecute.productQuantity(TestExecute.java:53)
at testExecutionSuite.TestExecute.productQuantity(TestExecute.java:53)
at testExecutionSuite.TestExecute.productQuantity(TestExecute.java:53)
at testExecutionSuite.TestExecute.productQuantity(TestExecute.java:53)
at testExecutionSuite.TestExecute.productQuantity(TestExecute.java:53)
at testExecutionSuite.TestExecute.productQuantity(TestExecute.java:53)
at testExecutionSuite.TestExecute.productQuantity(TestExecute.java:53)
at testExecutionSuite.TestExecute.productQuantity(TestExecute.java:53)
at testExecutionSuite.TestExecute.productQuantity(TestExecute.java:53)
at testExecutionSuite.TestExecute.productQuantity(TestExecute.java:53)
at testExecutionSuite.TestExecute.productQuantity(TestExecute.java:53)
at testExecutionSuite.TestExecute.productQuantity(TestExecute.java:53)
at testExecutionSuite.TestExecute.productQuantity(TestExecute.java:53)
at testExecutionSuite.TestExecute.productQuantity(TestExecute.java:53)
at testExecutionSuite.TestExecute.productQuantity(TestExecute.java:53)
at testExecutionSuite.TestExecute.productQuantity(TestExecute.java:53)
at testExecutionSuite.TestExecute.productQuantity(TestExecute.java:53)
at testExecutionSuite.TestExecute.productQuantity(TestExecute.java:53)
at testExecutionSuite.TestExecute.productQuantity(TestExecute.java:53)
at testExecutionSuite.TestExecute.productQuantity(TestExecute.java:53)
at testExecutionSuite.TestExecute.productQuantity(TestExecute.java:53)
at testExecutionSuite.TestExecute.productQuantity(TestExecute.java:53)
at testExecutionSuite.TestExecute.productQuantity(TestExecute.java:53)
at testExecutionSuite.TestExecute.productQuantity(TestExecute.java:53)
at testExecutionSuite.TestExecute.productQuantity(TestExecute.java:53)
at testExecutionSuite.TestExecute.productQuantity(TestExecute.java:53)
at testExecutionSuite.TestExecute.productQuantity(TestExecute.java:53)
at testExecutionSuite.TestExecute.productQuantity(TestExecute.java:53)
at testExecutionSuite.TestExecute.productQuantity(TestExecute.java:53)
at testExecutionSuite.TestExecute.productQuantity(TestExecute.java:53)
at testExecutionSuite.TestExecute.productQuantity(TestExecute.java:53)
at testExecutionSuite.TestExecute.productQuantity(TestExecute.java:53)
at testExecutionSuite.TestExecute.productQuantity(TestExecute.java:53)
at testExecutionSuite.TestExecute.productQuantity(TestExecute.java:53)
at testExecutionSuite.TestExecute.productQuantity(TestExecute.java:53)
at testExecutionSuite.TestExecute.productQuantity(TestExecute.java:53)
at testExecutionSuite.TestExecute.productQuantity(TestExecute.java:53)
at testExecutionSuite.TestExecute.productQuantity(TestExecute.java:53)
at testExecutionSuite.TestExecute.productQuantity(TestExecute.java:53)
at testExecutionSuite.TestExecute.productQuantity(TestExecute.java:53)
at testExecutionSuite.TestExecute.productQuantity(TestExecute.java:53)
at testExecutionSuite.TestExecute.productQuantity(TestExecute.java:53)
at testExecutionSuite.TestExecute.productQuantity(TestExecute.java:53)
at testExecutionSuite.TestExecute.productQuantity(TestExecute.java:53)
at testExecutionSuite.TestExecute.productQuantity(TestExecute.java:53)
at testExecutionSuite.TestExecute.productQuantity(TestExecute.java:53)
at testExecutionSuite.TestExecute.productQuantity(TestExecute.java:53)
at testExecutionSuite.TestExecute.productQuantity(TestExecute.java:53)
at testExecutionSuite.TestExecute.productQuantity(TestExecute.java:53)
at testExecutionSuite.TestExecute.productQuantity(TestExecute.java:53)
at testExecutionSuite.TestExecute.productQuantity(TestExecute.java:53)
at testExecutionSuite.TestExecute.productQuantity(TestExecute.java:53)
at testExecutionSuite.TestExecute.productQuantity(TestExecute.java:53)
at testExecutionSuite.TestExecute.productQuantity(TestExecute.java:53)
at testExecutionSuite.TestExecute.productQuantity(TestExecute.java:53)
at testExecutionSuite.TestExecute.productQuantity(TestExecute.java:53)
at testExecutionSuite.TestExecute.productQuantity(TestExecute.java:53)
at testExecutionSuite.TestExecute.productQuantity(TestExecute.java:53)
at testExecutionSuite.TestExecute.productQuantity(TestExecute.java:53)
at testExecutionSuite.TestExecute.productQuantity(TestExecute.java:53)
at testExecutionSuite.TestExecute.productQuantity(TestExecute.java:53)
at testExecutionSuite.TestExecute.productQuantity(TestExecute.java:53)
at testExecutionSuite.TestExecute.productQuantity(TestExecute.java:53)
at testExecutionSuite.TestExecute.productQuantity(TestExecute.java:53)
at testExecutionSuite.TestExecute.productQuantity(TestExecute.java:53)
at testExecutionSuite.TestExecute.productQuantity(TestExecute.java:53)
at testExecutionSuite.TestExecute.productQuantity(TestExecute.java:53)
at testExecutionSuite.TestExecute.productQuantity(TestExecute.java:53)
at testExecutionSuite.TestExecute.productQuantity(TestExecute.java:53)
at testExecutionSuite.TestExecute.productQuantity(TestExecute.java:53)
at testExecutionSuite.TestExecute.productQuantity(TestExecute.java:53)
at testExecutionSuite.TestExecute.productQuantity(TestExecute.java:53)
at testExecutionSuite.TestExecute.productQuantity(TestExecute.java:53)
at testExecutionSuite.TestExecute.productQuantity(TestExecute.java:53)
at testExecutionSuite.TestExecute.productQuantity(TestExecute.java:53)
at testExecutionSuite.TestExecute.productQuantity(TestExecute.java:53)
at testExecutionSuite.TestExecute.productQuantity(TestExecute.java:53)
at testExecutionSuite.TestExecute.productQuantity(TestExecute.java:53)
at testExecutionSuite.TestExecute.productQuantity(TestExecute.java:53)
at testExecutionSuite.TestExecute.productQuantity(TestExecute.java:53)
at testExecutionSuite.TestExecute.productQuantity(TestExecute.java:53)
at testExecutionSuite.TestExecute.productQuantity(TestExecute.java:53)
at testExecutionSuite.TestExecute.productQuantity(TestExecute.java:53)
at testExecutionSuite.TestExecute.productQuantity(TestExecute.java:53)
at testExecutionSuite.TestExecute.productQuantity(TestExecute.java:53)
at testExecutionSuite.TestExecute.productQuantity(TestExecute.java:53)
at testExecutionSuite.TestExecute.productQuantity(TestExecute.java:53)
at testExecutionSuite.TestExecute.productQuantity(TestExecute.java:53)
at testExecutionSuite.TestExecute.productQuantity(TestExecute.java:53)
at testExecutionSuite.TestExecute.productQuantity(TestExecute.java:53)
at testExecutionSuite.TestExecute.productQuantity(TestExecute.java:53)
at testExecutionSuite.TestExecute.productQuantity(TestExecute.java:53)
at testExecutionSuite.TestExecute.productQuantity(TestExecute.java:53)
at testExecutionSuite.TestExecute.productQuantity(TestExecute.java:53)
at testExecutionSuite.TestExecute.productQuantity(TestExecute.java:53)
at testExecutionSuite.TestExecute.productQuantity(TestExecute.java:53)
at testExecutionSuite.TestExecute.productQuantity(TestExecute.java:53)
at testExecutionSuite.TestExecute.productQuantity(TestExecute.java:53)
at testExecutionSuite.TestExecute.productQuantity(TestExecute.java:53)
at testExecutionSuite.TestExecute.productQuantity(TestExecute.java:53)
at testExecutionSuite.TestExecute.productQuantity(TestExecute.java:53)
at testExecutionSuite.TestExecute.productQuantity(TestExecute.java:53)
at testExecutionSuite.TestExecute.productQuantity(TestExecute.java:53)
at testExecutionSuite.TestExecute.productQuantity(TestExecute.java:53)
at testExecutionSuite.TestExecute.productQuantity(TestExecute.java:53)
at testExecutionSuite.TestExecute.productQuantity(TestExecute.java:53)
at testExecutionSuite.TestExecute.productQuantity(TestExecute.java:53)
at testExecutionSuite.TestExecute.productQuantity(TestExecute.java:53)
at testExecutionSuite.TestExecute.productQuantity(TestExecute.java:53)
at testExecutionSuite.TestExecute.productQuantity(TestExecute.java:53)
at testExecutionSuite.TestExecute.productQuantity(TestExecute.java:53)
at testExecutionSuite.TestExecute.productQuantity(TestExecute.java:53)
at testExecutionSuite.TestExecute.productQuantity(TestExecute.java:53)
at testExecutionSuite.TestExecute.productQuantity(TestExecute.java:53)
at testExecutionSuite.TestExecute.productQuantity(TestExecute.java:53)
at testExecutionSuite.TestExecute.productQuantity(TestExecute.java:53)
at testExecutionSuite.TestExecute.productQuantity(TestExecute.java:53)
at testExecutionSuite.TestExecute.productQuantity(TestExecute.java:53)
at testExecutionSuite.TestExecute.productQuantity(TestExecute.java:53)
at testExecutionSuite.TestExecute.productQuantity(TestExecute.java:53)
at testExecutionSuite.TestExecute.productQuantity(TestExecute.java:53)
at testExecutionSuite.TestExecute.productQuantity(TestExecute.java:53)
at testExecutionSuite.TestExecute.productQuantity(TestExecute.java:53)
at testExecutionSuite.TestExecute.productQuantity(TestExecute.java:53)
at testExecutionSuite.TestExecute.productQuantity(TestExecute.java:53)
at testExecutionSuite.TestExecute.productQuantity(TestExecute.java:53)
at testExecutionSuite.TestExecute.productQuantity(TestExecute.java:53)
at testExecutionSuite.TestExecute.productQuantity(TestExecute.java:53)
at testExecutionSuite.TestExecute.productQuantity(TestExecute.java:53)
at testExecutionSuite.TestExecute.productQuantity(TestExecute.java:53)
at testExecutionSuite.TestExecute.productQuantity(TestExecute.java:53)
at testExecutionSuite.TestExecute.productQuantity(TestExecute.java:53)
at testExecutionSuite.TestExecute.productQuantity(TestExecute.java:53)
at testExecutionSuite.TestExecute.productQuantity(TestExecute.java:53)
at testExecutionSuite.TestExecute.productQuantity(TestExecute.java:53)
at testExecutionSuite.TestExecute.productQuantity(TestExecute.java:53)
at testExecutionSuite.TestExecute.productQuantity(TestExecute.java:53)
at testExecutionSuite.TestExecute.productQuantity(TestExecute.java:53)
at testExecutionSuite.TestExecute.productQuantity(TestExecute.java:53)
at testExecutionSuite.TestExecute.productQuantity(TestExecute.java:53)
at testExecutionSuite.TestExecute.productQuantity(TestExecute.java:53)
at testExecutionSuite.TestExecute.productQuantity(TestExecute.java:53)
at testExecutionSuite.TestExecute.productQuantity(TestExecute.java:53)
at testExecutionSuite.TestExecute.productQuantity(TestExecute.java:53)
at testExecutionSuite.TestExecute.productQuantity(TestExecute.java:53)
at testExecutionSuite.TestExecute.productQuantity(TestExecute.java:53)
at testExecutionSuite.TestExecute.productQuantity(TestExecute.java:53)
at testExecutionSuite.TestExecute.productQuantity(TestExecute.java:53)
at testExecutionSuite.TestExecute.productQuantity(TestExecute.java:53)
at testExecutionSuite.TestExecute.productQuantity(TestExecute.java:53)
at testExecutionSuite.TestExecute.productQuantity(TestExecute.java:53)
at testExecutionSuite.TestExecute.productQuantity(TestExecute.java:53)
at testExecutionSuite.TestExecute.productQuantity(TestExecute.java:53)
at testExecutionSuite.TestExecute.productQuantity(TestExecute.java:53)
at testExecutionSuite.TestExecute.productQuantity(TestExecute.java:53)
at testExecutionSuite.TestExecute.productQuantity(TestExecute.java:53)
at testExecutionSuite.TestExecute.productQuantity(TestExecute.java:53)
at testExecutionSuite.TestExecute.productQuantity(TestExecute.java:53)
at testExecutionSuite.TestExecute.productQuantity(TestExecute.java:53)
at testExecutionSuite.TestExecute.productQuantity(TestExecute.java:53)
at testExecutionSuite.TestExecute.productQuantity(TestExecute.java:53)
at testExecutionSuite.TestExecute.productQuantity(TestExecute.java:53)
at testExecutionSuite.TestExecute.productQuantity(TestExecute.java:53)
at testExecutionSuite.TestExecute.productQuantity(TestExecute.java:53)
at testExecutionSuite.TestExecute.productQuantity(TestExecute.java:53)
at testExecutionSuite.TestExecute.productQuantity(TestExecute.java:53)
at testExecutionSuite.TestExecute.productQuantity(TestExecute.java:53)
at testExecutionSuite.TestExecute.productQuantity(TestExecute.java:53)
at testExecutionSuite.TestExecute.productQuantity(TestExecute.java:53)
at testExecutionSuite.TestExecute.productQuantity(TestExecute.java:53)
at testExecutionSuite.TestExecute.productQuantity(TestExecute.java:53)
at testExecutionSuite.TestExecute.productQuantity(TestExecute.java:53)
at testExecutionSuite.TestExecute.productQuantity(TestExecute.java:53)
at testExecutionSuite.TestExecute.productQuantity(TestExecute.java:53)
at testExecutionSuite.TestExecute.productQuantity(TestExecute.java:53)
at testExecutionSuite.TestExecute.productQuantity(TestExecute.java:53)
at testExecutionSuite.TestExecute.productQuantity(TestExecute.java:53)
at testExecutionSuite.TestExecute.productQuantity(TestExecute.java:53)
at testExecutionSuite.TestExecute.productQuantity(TestExecute.java:53)
at testExecutionSuite.TestExecute.productQuantity(TestExecute.java:53)
at testExecutionSuite.TestExecute.productQuantity(TestExecute.java:53)
at testExecutionSuite.TestExecute.productQuantity(TestExecute.java:53)
at testExecutionSuite.TestExecute.productQuantity(TestExecute.java:53)
at testExecutionSuite.TestExecute.productQuantity(TestExecute.java:53)
at testExecutionSuite.TestExecute.productQuantity(TestExecute.java:53)
at testExecutionSuite.TestExecute.productQuantity(TestExecute.java:53)
at testExecutionSuite.TestExecute.productQuantity(TestExecute.java:53)
at testExecutionSuite.TestExecute.productQuantity(TestExecute.java:53)
at testExecutionSuite.TestExecute.productQuantity(TestExecute.java:53)
at testExecutionSuite.TestExecute.productQuantity(TestExecute.java:53)
at testExecutionSuite.TestExecute.productQuantity(TestExecute.java:53)
at testExecutionSuite.TestExecute.productQuantity(TestExecute.java:53)
at testExecutionSuite.TestExecute.productQuantity(TestExecute.java:53)
at testExecutionSuite.TestExecute.productQuantity(TestExecute.java:53)
at testExecutionSuite.TestExecute.productQuantity(TestExecute.java:53)
at testExecutionSuite.TestExecute.productQuantity(TestExecute.java:53)
at testExecutionSuite.TestExecute.productQuantity(TestExecute.java:53)
at testExecutionSuite.TestExecute.productQuantity(TestExecute.java:53)
at testExecutionSuite.TestExecute.productQuantity(TestExecute.java:53)
at testExecutionSuite.TestExecute.productQuantity(TestExecute.java:53)
at testExecutionSuite.TestExecute.productQuantity(TestExecute.java:53)
at testExecutionSuite.TestExecute.productQuantity(TestExecute.java:53)
at testExecutionSuite.TestExecute.productQuantity(TestExecute.java:53)
at testExecutionSuite.TestExecute.productQuantity(TestExecute.java:53)
at testExecutionSuite.TestExecute.productQuantity(TestExecute.java:53)
at testExecutionSuite.TestExecute.productQuantity(TestExecute.java:53)
at testExecutionSuite.TestExecute.productQuantity(TestExecute.java:53)
at testExecutionSuite.TestExecute.productQuantity(TestExecute.java:53)
at testExecutionSuite.TestExecute.productQuantity(TestExecute.java:53)
at testExecutionSuite.TestExecute.productQuantity(TestExecute.java:53)
at testExecutionSuite.TestExecute.productQuantity(TestExecute.java:53)
at testExecutionSuite.TestExecute.productQuantity(TestExecute.java:53)
at testExecutionSuite.TestExecute.productQuantity(TestExecute.java:53)
at testExecutionSuite.TestExecute.productQuantity(TestExecute.java:53)
at testExecutionSuite.TestExecute.productQuantity(TestExecute.java:53)
at testExecutionSuite.TestExecute.productQuantity(TestExecute.java:53)
at testExecutionSuite.TestExecute.productQuantity(TestExecute.java:53)
at testExecutionSuite.TestExecute.productQuantity(TestExecute.java:53)
at testExecutionSuite.TestExecute.productQuantity(TestExecute.java:53)
at testExecutionSuite.TestExecute.productQuantity(TestExecute.java:53)
at testExecutionSuite.TestExecute.productQuantity(TestExecute.java:53)
at testExecutionSuite.TestExecute.productQuantity(TestExecute.java:53)
at testExecutionSuite.TestExecute.productQuantity(TestExecute.java:53)
at testExecutionSuite.TestExecute.productQuantity(TestExecute.java:53)
at testExecutionSuite.TestExecute.productQuantity(TestExecute.java:53)
at testExecutionSuite.TestExecute.productQuantity(TestExecute.java:53)
at testExecutionSuite.TestExecute.productQuantity(TestExecute.java:53)
at testExecutionSuite.TestExecute.productQuantity(TestExecute.java:53)
at testExecutionSuite.TestExecute.productQuantity(TestExecute.java:53)
at testExecutionSuite.TestExecute.productQuantity(TestExecute.java:53)
at testExecutionSuite.TestExecute.productQuantity(TestExecute.java:53)
at testExecutionSuite.TestExecute.productQuantity(TestExecute.java:53)
at testExecutionSuite.TestExecute.productQuantity(TestExecute.java:53)
at testExecutionSuite.TestExecute.productQuantity(TestExecute.java:53)
at testExecutionSuite.TestExecute.productQuantity(TestExecute.java:53)
at testExecutionSuite.TestExecute.productQuantity(TestExecute.java:53)
at testExecutionSuite.TestExecute.productQuantity(TestExecute.java:53)
at testExecutionSuite.TestExecute.productQuantity(TestExecute.java:53)
at testExecutionSuite.TestExecute.productQuantity(TestExecute.java:53)
at testExecutionSuite.TestExecute.productQuantity(TestExecute.java:53)
at testExecutionSuite.TestExecute.productQuantity(TestExecute.java:53)
at testExecutionSuite.TestExecute.productQuantity(TestExecute.java:53)
at testExecutionSuite.TestExecute.productQuantity(TestExecute.java:53)
at testExecutionSuite.TestExecute.productQuantity(TestExecute.java:53)
at testExecutionSuite.TestExecute.productQuantity(TestExecute.java:53)
at testExecutionSuite.TestExecute.productQuantity(TestExecute.java:53)
at testExecutionSuite.TestExecute.productQuantity(TestExecute.java:53)
at testExecutionSuite.TestExecute.productQuantity(TestExecute.java:53)
at testExecutionSuite.TestExecute.productQuantity(TestExecute.java:53)
at testExecutionSuite.TestExecute.productQuantity(TestExecute.java:53)
at testExecutionSuite.TestExecute.productQuantity(TestExecute.java:53)
at testExecutionSuite.TestExecute.productQuantity(TestExecute.java:53)
at testExecutionSuite.TestExecute.productQuantity(TestExecute.java:53)
at testExecutionSuite.TestExecute.productQuantity(TestExecute.java:53)
at testExecutionSuite.TestExecute.productQuantity(TestExecute.java:53)
at testExecutionSuite.TestExecute.productQuantity(TestExecute.java:53)
at testExecutionSuite.TestExecute.productQuantity(TestExecute.java:53)
at testExecutionSuite.TestExecute.productQuantity(TestExecute.java:53)
at testExecutionSuite.TestExecute.productQuantity(TestExecute.java:53)
at testExecutionSuite.TestExecute.productQuantity(TestExecute.java:53)
at testExecutionSuite.TestExecute.productQuantity(TestExecute.java:53)
at testExecutionSuite.TestExecute.productQuantity(TestExecute.java:53)
at testExecutionSuite.TestExecute.productQuantity(TestExecute.java:53)
at testExecutionSuite.TestExecute.productQuantity(TestExecute.java:53)
at testExecutionSuite.TestExecute.productQuantity(TestExecute.java:53)
at testExecutionSuite.TestExecute.productQuantity(TestExecute.java:53)
at testExecutionSuite.TestExecute.productQuantity(TestExecute.java:53)
at testExecutionSuite.TestExecute.productQuantity(TestExecute.java:53)
at testExecutionSuite.TestExecute.productQuantity(TestExecute.java:53)
at testExecutionSuite.TestExecute.productQuantity(TestExecute.java:53)
at testExecutionSuite.TestExecute.productQuantity(TestExecute.java:53)
at testExecutionSuite.TestExecute.productQuantity(TestExecute.java:53)
at testExecutionSuite.TestExecute.productQuantity(TestExecute.java:53)
at testExecutionSuite.TestExecute.productQuantity(TestExecute.java:53)
at testExecutionSuite.TestExecute.productQuantity(TestExecute.java:53)
at testExecutionSuite.TestExecute.productQuantity(TestExecute.java:53)
at testExecutionSuite.TestExecute.productQuantity(TestExecute.java:53)
at testExecutionSuite.TestExecute.productQuantity(TestExecute.java:53)
at testExecutionSuite.TestExecute.productQuantity(TestExecute.java:53)
at testExecutionSuite.TestExecute.productQuantity(TestExecute.java:53)
at testExecutionSuite.TestExecute.productQuantity(TestExecute.java:53)
at testExecutionSuite.TestExecute.productQuantity(TestExecute.java:53)
at testExecutionSuite.TestExecute.productQuantity(TestExecute.java:53)
at testExecutionSuite.TestExecute.productQuantity(TestExecute.java:53)
at testExecutionSuite.TestExecute.productQuantity(TestExecute.java:53)
at testExecutionSuite.TestExecute.productQuantity(TestExecute.java:53)
at testExecutionSuite.TestExecute.productQuantity(TestExecute.java:53)
at testExecutionSuite.TestExecute.productQuantity(TestExecute.java:53)
at testExecutionSuite.TestExecute.productQuantity(TestExecute.java:53)
at testExecutionSuite.TestExecute.productQuantity(TestExecute.java:53)
at testExecutionSuite.TestExecute.productQuantity(TestExecute.java:53)
at testExecutionSuite.TestExecute.productQuantity(TestExecute.java:53)
at testExecutionSuite.TestExecute.productQuantity(TestExecute.java:53)
at testExecutionSuite.TestExecute.productQuantity(TestExecute.java:53)
at testExecutionSuite.TestExecute.productQuantity(TestExecute.java:53)
at testExecutionSuite.TestExecute.productQuantity(TestExecute.java:53)
at testExecutionSuite.TestExecute.productQuantity(TestExecute.java:53)
at testExecutionSuite.TestExecute.productQuantity(TestExecute.java:53)
at testExecutionSuite.TestExecute.productQuantity(TestExecute.java:53)
at testExecutionSuite.TestExecute.productQuantity(TestExecute.java:53)
at testExecutionSuite.TestExecute.productQuantity(TestExecute.java:53)
at testExecutionSuite.TestExecute.productQuantity(TestExecute.java:53)
at testExecutionSuite.TestExecute.productQuantity(TestExecute.java:53)
at testExecutionSuite.TestExecute.productQuantity(TestExecute.java:53)
at testExecutionSuite.TestExecute.productQuantity(TestExecute.java:53)
at testExecutionSuite.TestExecute.productQuantity(TestExecute.java:53)
at testExecutionSuite.TestExecute.productQuantity(TestExecute.java:53)
at testExecutionSuite.TestExecute.productQuantity(TestExecute.java:53)
at testExecutionSuite.TestExecute.productQuantity(TestExecute.java:53)
at testExecutionSuite.TestExecute.productQuantity(TestExecute.java:53)
at testExecutionSuite.TestExecute.productQuantity(TestExecute.java:53)
at testExecutionSuite.TestExecute.productQuantity(TestExecute.java:53)
at testExecutionSuite.TestExecute.productQuantity(TestExecute.java:53)
at testExecutionSuite.TestExecute.productQuantity(TestExecute.java:53)
at testExecutionSuite.TestExecute.productQuantity(TestExecute.java:53)
at testExecutionSuite.TestExecute.productQuantity(TestExecute.java:53)
at testExecutionSuite.TestExecute.productQuantity(TestExecute.java:53)
at testExecutionSuite.TestExecute.productQuantity(TestExecute.java:53)
at testExecutionSuite.TestExecute.productQuantity(TestExecute.java:53)
at testExecutionSuite.TestExecute.productQuantity(TestExecute.java:53)
at testExecutionSuite.TestExecute.productQuantity(TestExecute.java:53)
at testExecutionSuite.TestExecute.productQuantity(TestExecute.java:53)
at testExecutionSuite.TestExecute.productQuantity(TestExecute.java:53)
at testExecutionSuite.TestExecute.productQuantity(TestExecute.java:53)
at testExecutionSuite.TestExecute.productQuantity(TestExecute.java:53)
at testExecutionSuite.TestExecute.productQuantity(TestExecute.java:53)
at testExecutionSuite.TestExecute.productQuantity(TestExecute.java:53)
at testExecutionSuite.TestExecute.productQuantity(TestExecute.java:53)
at testExecutionSuite.TestExecute.productQuantity(TestExecute.java:53)
at testExecutionSuite.TestExecute.productQuantity(TestExecute.java:53)
at testExecutionSuite.TestExecute.productQuantity(TestExecute.java:53)
at testExecutionSuite.TestExecute.productQuantity(TestExecute.java:53)
at testExecutionSuite.TestExecute.productQuantity(TestExecute.java:53)
at testExecutionSuite.TestExecute.productQuantity(TestExecute.java:53)
at testExecutionSuite.TestExecute.productQuantity(TestExecute.java:53)
at testExecutionSuite.TestExecute.productQuantity(TestExecute.java:53)
at testExecutionSuite.TestExecute.productQuantity(TestExecute.java:53)
at testExecutionSuite.TestExecute.productQuantity(TestExecute.java:53)
at testExecutionSuite.TestExecute.productQuantity(TestExecute.java:53)
at testExecutionSuite.TestExecute.productQuantity(TestExecute.java:53)
at testExecutionSuite.TestExecute.productQuantity(TestExecute.java:53)
at testExecutionSuite.TestExecute.productQuantity(TestExecute.java:53)
at testExecutionSuite.TestExecute.productQuantity(TestExecute.java:53)
at testExecutionSuite.TestExecute.productQuantity(TestExecute.java:53)
at testExecutionSuite.TestExecute.productQuantity(TestExecute.java:53)
at testExecutionSuite.TestExecute.productQuantity(TestExecute.java:53)
at testExecutionSuite.TestExecute.productQuantity(TestExecute.java:53)
at testExecutionSuite.TestExecute.productQuantity(TestExecute.java:53)
at testExecutionSuite.TestExecute.productQuantity(TestExecute.java:53)
at testExecutionSuite.TestExecute.productQuantity(TestExecute.java:53)
at testExecutionSuite.TestExecute.productQuantity(TestExecute.java:53)
at testExecutionSuite.TestExecute.productQuantity(TestExecute.java:53)
at testExecutionSuite.TestExecute.productQuantity(TestExecute.java:53)
at testExecutionSuite.TestExecute.productQuantity(TestExecute.java:53)
at testExecutionSuite.TestExecute.productQuantity(TestExecute.java:53)
at testExecutionSuite.TestExecute.productQuantity(TestExecute.java:53)
at testExecutionSuite.TestExecute.productQuantity(TestExecute.java:53)
at testExecutionSuite.TestExecute.productQuantity(TestExecute.java:53)
at testExecutionSuite.TestExecute.productQuantity(TestExecute.java:53)
at testExecutionSuite.TestExecute.productQuantity(TestExecute.java:53)
at testExecutionSuite.TestExecute.productQuantity(TestExecute.java:53)
at testExecutionSuite.TestExecute.productQuantity(TestExecute.java:53)
at testExecutionSuite.TestExecute.productQuantity(TestExecute.java:53)
at testExecutionSuite.TestExecute.productQuantity(TestExecute.java:53)
at testExecutionSuite.TestExecute.productQuantity(TestExecute.java:53)
at testExecutionSuite.TestExecute.productQuantity(TestExecute.java:53)
at testExecutionSuite.TestExecute.productQuantity(TestExecute.java:53)
at testExecutionSuite.TestExecute.productQuantity(TestExecute.java:53)
at testExecutionSuite.TestExecute.productQuantity(TestExecute.java:53)
at testExecutionSuite.TestExecute.productQuantity(TestExecute.java:53)
at testExecutionSuite.TestExecute.productQuantity(TestExecute.java:53)
at testExecutionSuite.TestExecute.productQuantity(TestExecute.java:53)
at testExecutionSuite.TestExecute.productQuantity(TestExecute.java:53)
at testExecutionSuite.TestExecute.productQuantity(TestExecute.java:53)
at testExecutionSuite.TestExecute.productQuantity(TestExecute.java:53)
at testExecutionSuite.TestExecute.productQuantity(TestExecute.java:53)
at testExecutionSuite.TestExecute.productQuantity(TestExecute.java:53)
at testExecutionSuite.TestExecute.productQuantity(TestExecute.java:53)
at testExecutionSuite.TestExecute.productQuantity(TestExecute.java:53)
at testExecutionSuite.TestExecute.productQuantity(TestExecute.java:53)
at testExecutionSuite.TestExecute.productQuantity(TestExecute.java:53)
at testExecutionSuite.TestExecute.productQuantity(TestExecute.java:53)
at testExecutionSuite.TestExecute.productQuantity(TestExecute.java:53)
at testExecutionSuite.TestExecute.productQuantity(TestExecute.java:53)
at testExecutionSuite.TestExecute.productQuantity(TestExecute.java:53)
at testExecutionSuite.TestExecute.productQuantity(TestExecute.java:53)
at testExecutionSuite.TestExecute.productQuantity(TestExecute.java:53)
at testExecutionSuite.TestExecute.productQuantity(TestExecute.java:53)
at testExecutionSuite.TestExecute.productQuantity(TestExecute.java:53)
at testExecutionSuite.TestExecute.productQuantity(TestExecute.java:53)
at testExecutionSuite.TestExecute.productQuantity(TestExecute.java:53)
at testExecutionSuite.TestExecute.productQuantity(TestExecute.java:53)
at testExecutionSuite.TestExecute.productQuantity(TestExecute.java:53)
at testExecutionSuite.TestExecute.productQuantity(TestExecute.java:53)
at testExecutionSuite.TestExecute.productQuantity(TestExecute.java:53)
at testExecutionSuite.TestExecute.productQuantity(TestExecute.java:53)
at testExecutionSuite.TestExecute.productQuantity(TestExecute.java:53)
at testExecutionSuite.TestExecute.productQuantity(TestExecute.java:53)
at testExecutionSuite.TestExecute.productQuantity(TestExecute.java:53)
at testExecutionSuite.TestExecute.productQuantity(TestExecute.java:53)
at testExecutionSuite.TestExecute.productQuantity(TestExecute.java:53)
at testExecutionSuite.TestExecute.productQuantity(TestExecute.java:53)
at testExecutionSuite.TestExecute.productQuantity(TestExecute.java:53)
at testExecutionSuite.TestExecute.productQuantity(TestExecute.java:53)
at testExecutionSuite.TestExecute.productQuantity(TestExecute.java:53)
at testExecutionSuite.TestExecute.productQuantity(TestExecute.java:53)
at testExecutionSuite.TestExecute.productQuantity(TestExecute.java:53)
at testExecutionSuite.TestExecute.productQuantity(TestExecute.java:53)
at testExecutionSuite.TestExecute.productQuantity(TestExecute.java:53)
at testExecutionSuite.TestExecute.productQuantity(TestExecute.java:53)
at testExecutionSuite.TestExecute.productQuantity(TestExecute.java:53)
at testExecutionSuite.TestExecute.productQuantity(TestExecute.java:53)
at testExecutionSuite.TestExecute.productQuantity(TestExecute.java:53)
at testExecutionSuite.TestExecute.productQuantity(TestExecute.java:53)
]]>
    </error>
  </testcase> <!-- productQuantity -->
  <testcase classname="testExecutionSuite.TestExecute" name="contactUs" time="0.017">
    <failure message="expected [Automation Exercise] but found [Automation Exercise - Signup / Login]" type="java.lang.AssertionError">
      <![CDATA[java.lang.AssertionError: expected [Automation Exercise] but found [Automation Exercise - Signup / Login]
=======
  </testcase> <!-- Incorrectlogin -->
  <testcase classname="testExecutionSuite.TestExecute" name="contactUs" time="0.014">
    <failure message="expected [Automation Exercise] but found [Automation Exercise - All Products]" type="java.lang.AssertionError">
      <![CDATA[java.lang.AssertionError: expected [Automation Exercise] but found [Automation Exercise - All Products]
>>>>>>> bad4c3466ef44faec1e5ed5194348ebbd813a44b
at org.testng.Assert.fail(Assert.java:111)
at org.testng.Assert.failNotEquals(Assert.java:1590)
at org.testng.Assert.assertEqualsImpl(Assert.java:150)
at org.testng.Assert.assertEquals(Assert.java:132)
at org.testng.Assert.assertEquals(Assert.java:656)
at org.testng.Assert.assertEquals(Assert.java:666)
at testExecutionSuite.ContactUs.contactUs(ContactUs.java:14)
<<<<<<< HEAD
at testExecutionSuite.TestExecute.contactUs(TestExecute.java:58)
=======
at testExecutionSuite.TestExecute.contactUs(TestExecute.java:115)
>>>>>>> bad4c3466ef44faec1e5ed5194348ebbd813a44b
at java.base/jdk.internal.reflect.DirectMethodHandleAccessor.invoke(DirectMethodHandleAccessor.java:103)
at java.base/java.lang.reflect.Method.invoke(Method.java:580)
at org.testng.internal.invokers.MethodInvocationHelper.invokeMethod(MethodInvocationHelper.java:141)
at org.testng.internal.invokers.TestInvoker.invokeMethod(TestInvoker.java:687)
at org.testng.internal.invokers.TestInvoker.invokeTestMethod(TestInvoker.java:230)
at org.testng.internal.invokers.MethodRunner.runInSequence(MethodRunner.java:63)
at org.testng.internal.invokers.TestInvoker$MethodInvocationAgent.invoke(TestInvoker.java:995)
at org.testng.internal.invokers.TestInvoker.invokeTestMethods(TestInvoker.java:203)
at org.testng.internal.invokers.TestMethodWorker.invokeTestMethods(TestMethodWorker.java:154)
at org.testng.internal.invokers.TestMethodWorker.run(TestMethodWorker.java:134)
<<<<<<< HEAD
at java.base/java.util.ArrayList.forEach(ArrayList.java:1596)
=======
at java.base/java.util.ArrayList.forEach(ArrayList.java:1597)
>>>>>>> bad4c3466ef44faec1e5ed5194348ebbd813a44b
at org.testng.TestRunner.privateRun(TestRunner.java:741)
at org.testng.TestRunner.run(TestRunner.java:616)
at org.testng.SuiteRunner.runTest(SuiteRunner.java:421)
at org.testng.SuiteRunner.runSequentially(SuiteRunner.java:413)
at org.testng.SuiteRunner.privateRun(SuiteRunner.java:373)
at org.testng.SuiteRunner.run(SuiteRunner.java:312)
at org.testng.SuiteRunnerWorker.runSuite(SuiteRunnerWorker.java:52)
at org.testng.SuiteRunnerWorker.run(SuiteRunnerWorker.java:95)
at org.testng.TestNG.runSuitesSequentially(TestNG.java:1274)
at org.testng.TestNG.runSuitesLocally(TestNG.java:1208)
at org.testng.TestNG.runSuites(TestNG.java:1112)
at org.testng.TestNG.run(TestNG.java:1079)
at org.testng.remote.AbstractRemoteTestNG.run(AbstractRemoteTestNG.java:115)
at org.testng.remote.RemoteTestNG.initAndRun(RemoteTestNG.java:293)
at org.testng.remote.RemoteTestNG.main(RemoteTestNG.java:91)
]]>
    </failure>
  </testcase> <!-- contactUs -->
<<<<<<< HEAD
  <testcase classname="testExecutionSuite.TestExecute" name="Cartbrand" time="0.039">
    <failure message="expected [Automation Exercise] but found [Automation Exercise - Signup / Login]" type="java.lang.AssertionError">
      <![CDATA[java.lang.AssertionError: expected [Automation Exercise] but found [Automation Exercise - Signup / Login]
=======
  <testcase classname="testExecutionSuite.TestExecute" name="Subscription_homepage" time="0.016">
    <failure message="expected [Automation Exercise] but found [Automation Exercise - All Products]" type="java.lang.AssertionError">
      <![CDATA[java.lang.AssertionError: expected [Automation Exercise] but found [Automation Exercise - All Products]
>>>>>>> bad4c3466ef44faec1e5ed5194348ebbd813a44b
at org.testng.Assert.fail(Assert.java:111)
at org.testng.Assert.failNotEquals(Assert.java:1590)
at org.testng.Assert.assertEqualsImpl(Assert.java:150)
at org.testng.Assert.assertEquals(Assert.java:132)
at org.testng.Assert.assertEquals(Assert.java:656)
at org.testng.Assert.assertEquals(Assert.java:666)
<<<<<<< HEAD
at testExecutionSuite.Cartbrand.cb(Cartbrand.java:12)
at testExecutionSuite.TestExecute.Cartbrand(TestExecute.java:63)
=======
at testExecutionSuite.Subscription_homepage.subscription_homepage(Subscription_homepage.java:13)
at testExecutionSuite.TestExecute.Subscription_homepage(TestExecute.java:69)
>>>>>>> bad4c3466ef44faec1e5ed5194348ebbd813a44b
at java.base/jdk.internal.reflect.DirectMethodHandleAccessor.invoke(DirectMethodHandleAccessor.java:103)
at java.base/java.lang.reflect.Method.invoke(Method.java:580)
at org.testng.internal.invokers.MethodInvocationHelper.invokeMethod(MethodInvocationHelper.java:141)
at org.testng.internal.invokers.TestInvoker.invokeMethod(TestInvoker.java:687)
at org.testng.internal.invokers.TestInvoker.invokeTestMethod(TestInvoker.java:230)
at org.testng.internal.invokers.MethodRunner.runInSequence(MethodRunner.java:63)
at org.testng.internal.invokers.TestInvoker$MethodInvocationAgent.invoke(TestInvoker.java:995)
at org.testng.internal.invokers.TestInvoker.invokeTestMethods(TestInvoker.java:203)
at org.testng.internal.invokers.TestMethodWorker.invokeTestMethods(TestMethodWorker.java:154)
at org.testng.internal.invokers.TestMethodWorker.run(TestMethodWorker.java:134)
<<<<<<< HEAD
at java.base/java.util.ArrayList.forEach(ArrayList.java:1596)
=======
at java.base/java.util.ArrayList.forEach(ArrayList.java:1597)
>>>>>>> bad4c3466ef44faec1e5ed5194348ebbd813a44b
at org.testng.TestRunner.privateRun(TestRunner.java:741)
at org.testng.TestRunner.run(TestRunner.java:616)
at org.testng.SuiteRunner.runTest(SuiteRunner.java:421)
at org.testng.SuiteRunner.runSequentially(SuiteRunner.java:413)
at org.testng.SuiteRunner.privateRun(SuiteRunner.java:373)
at org.testng.SuiteRunner.run(SuiteRunner.java:312)
at org.testng.SuiteRunnerWorker.runSuite(SuiteRunnerWorker.java:52)
at org.testng.SuiteRunnerWorker.run(SuiteRunnerWorker.java:95)
at org.testng.TestNG.runSuitesSequentially(TestNG.java:1274)
at org.testng.TestNG.runSuitesLocally(TestNG.java:1208)
at org.testng.TestNG.runSuites(TestNG.java:1112)
at org.testng.TestNG.run(TestNG.java:1079)
at org.testng.remote.AbstractRemoteTestNG.run(AbstractRemoteTestNG.java:115)
at org.testng.remote.RemoteTestNG.initAndRun(RemoteTestNG.java:293)
at org.testng.remote.RemoteTestNG.main(RemoteTestNG.java:91)
]]>
    </failure>
<<<<<<< HEAD
  </testcase> <!-- Cartbrand -->
=======
  </testcase> <!-- Subscription_homepage -->
  <testcase classname="testExecutionSuite.TestExecute" name="Subscription_cartpage" time="0.010">
    <failure message="expected [Automation Exercise] but found [Automation Exercise - All Products]" type="java.lang.AssertionError">
      <![CDATA[java.lang.AssertionError: expected [Automation Exercise] but found [Automation Exercise - All Products]
at org.testng.Assert.fail(Assert.java:111)
at org.testng.Assert.failNotEquals(Assert.java:1590)
at org.testng.Assert.assertEqualsImpl(Assert.java:150)
at org.testng.Assert.assertEquals(Assert.java:132)
at org.testng.Assert.assertEquals(Assert.java:656)
at org.testng.Assert.assertEquals(Assert.java:666)
at testExecutionSuite.Subscription_cartpage.subscription_cartpage(Subscription_cartpage.java:14)
at testExecutionSuite.TestExecute.Subscription_cartpage(TestExecute.java:75)
at java.base/jdk.internal.reflect.DirectMethodHandleAccessor.invoke(DirectMethodHandleAccessor.java:103)
at java.base/java.lang.reflect.Method.invoke(Method.java:580)
at org.testng.internal.invokers.MethodInvocationHelper.invokeMethod(MethodInvocationHelper.java:141)
at org.testng.internal.invokers.TestInvoker.invokeMethod(TestInvoker.java:687)
at org.testng.internal.invokers.TestInvoker.invokeTestMethod(TestInvoker.java:230)
at org.testng.internal.invokers.MethodRunner.runInSequence(MethodRunner.java:63)
at org.testng.internal.invokers.TestInvoker$MethodInvocationAgent.invoke(TestInvoker.java:995)
at org.testng.internal.invokers.TestInvoker.invokeTestMethods(TestInvoker.java:203)
at org.testng.internal.invokers.TestMethodWorker.invokeTestMethods(TestMethodWorker.java:154)
at org.testng.internal.invokers.TestMethodWorker.run(TestMethodWorker.java:134)
at java.base/java.util.ArrayList.forEach(ArrayList.java:1597)
at org.testng.TestRunner.privateRun(TestRunner.java:741)
at org.testng.TestRunner.run(TestRunner.java:616)
at org.testng.SuiteRunner.runTest(SuiteRunner.java:421)
at org.testng.SuiteRunner.runSequentially(SuiteRunner.java:413)
at org.testng.SuiteRunner.privateRun(SuiteRunner.java:373)
at org.testng.SuiteRunner.run(SuiteRunner.java:312)
at org.testng.SuiteRunnerWorker.runSuite(SuiteRunnerWorker.java:52)
at org.testng.SuiteRunnerWorker.run(SuiteRunnerWorker.java:95)
at org.testng.TestNG.runSuitesSequentially(TestNG.java:1274)
at org.testng.TestNG.runSuitesLocally(TestNG.java:1208)
at org.testng.TestNG.runSuites(TestNG.java:1112)
at org.testng.TestNG.run(TestNG.java:1079)
at org.testng.remote.AbstractRemoteTestNG.run(AbstractRemoteTestNG.java:115)
at org.testng.remote.RemoteTestNG.initAndRun(RemoteTestNG.java:293)
at org.testng.remote.RemoteTestNG.main(RemoteTestNG.java:91)
]]>
    </failure>
  </testcase> <!-- Subscription_cartpage -->
>>>>>>> a0e2e031dfd7c11873046d27f436c503aadb2827
>>>>>>> bad4c3466ef44faec1e5ed5194348ebbd813a44b
</testsuite> <!-- testExecutionSuite.TestExecute -->
