<?xml version="1.0" encoding="UTF-8"?>
<!-- Generated by org.testng.reporters.JUnitReportReporter -->
<testsuite hostname="Raju" failures="0" tests="18" name="testExecutionSuite.TestExecute" time="262.043" errors="0" timestamp="2025-06-01T21:07:03 IST" skipped="0">
  <testcase classname="testExecutionSuite.TestExecute" name="Register" time="28.959"/>
  <testcase classname="testExecutionSuite.TestExecute" name="Existingmail" time="7.880"/>
  <testcase classname="testExecutionSuite.TestExecute" name="Testcasepage" time="5.022"/>
  <testcase classname="testExecutionSuite.TestExecute" name="categoryproducts" time="17.750"/>
  <testcase classname="testExecutionSuite.TestExecute" name="scrollWC" time="6.857"/>
  <testcase classname="testExecutionSuite.TestExecute" name="scrollWTC" time="5.961"/>
  <testcase classname="testExecutionSuite.TestExecute" name="productDetails" time="13.389"/>
  <testcase classname="testExecutionSuite.TestExecute" name="Subscription_homepage" time="7.622"/>
  <testcase classname="testExecutionSuite.TestExecute" name="Subscription_cartpage" time="9.413"/>
  <testcase classname="testExecutionSuite.TestExecute" name="sub_cart_page" time="6.584"/>
  <testcase classname="testExecutionSuite.TestExecute" name="contactUs" time="8.432"/>
  <testcase classname="testExecutionSuite.TestExecute" name="productQuantity" time="13.596"/>
  <testcase classname="testExecutionSuite.TestExecute" name="placeOrderRWC" time="40.858"/>
  <testcase classname="testExecutionSuite.TestExecute" name="placeOrderRBC" time="36.136"/>
  <testcase classname="testExecutionSuite.TestExecute" name="placeOrderLBC" time="25.019"/>
  <testcase classname="testExecutionSuite.TestExecute" name="removeProduct" time="10.015"/>
  <testcase classname="testExecutionSuite.TestExecute" name="SearchProduct" time="5.640"/>
  <testcase classname="testExecutionSuite.TestExecute" name="AllProducts" time="12.910"/>
</testsuite> <!-- testExecutionSuite.TestExecute -->
