<?xml version="1.0" encoding="UTF-8"?>
<!-- Generated by org.testng.reporters.JUnitReportReporter -->
<testsuite hostname="DESKTOP-UMGN6AN" failures="0" tests="4" name="testExecutionSuite.TestExecute" time="41.908" errors="0" timestamp="2025-05-24T12:51:26 IST" skipped="0">
  <testcase classname="testExecutionSuite.TestExecute" name="Register" time="23.581"/>
  <testcase classname="testExecutionSuite.TestExecute" name="Existingmail" time="8.244"/>
  <testcase classname="testExecutionSuite.TestExecute" name="Testcasepage" time="3.044"/>
  <testcase classname="testExecutionSuite.TestExecute" name="Login" time="7.039"/>
</testsuite> <!-- testExecutionSuite.TestExecute -->
