<?xml version="1.0" encoding="UTF-8"?>
<!-- Generated by org.testng.reporters.JUnitReportReporter -->
<testsuite hostname="Raju" failures="0" tests="1" name="testExecutionSuite.TestExecute" time="18.222" errors="0" timestamp="2025-05-10T12:16:05 IST" skipped="0">
  <testcase classname="testExecutionSuite.TestExecute" name="Testing" time="18.222"/>
</testsuite> <!-- testExecutionSuite.TestExecute -->
