<?xml version="1.0" encoding="UTF-8"?>
<!-- Generated by org.testng.reporters.JUnitReportReporter -->
<testsuite hostname="Raju" failures="0" tests="1" name="testExecutionSuite.TestScript" time="25.609" errors="0" timestamp="2025-05-11T17:54:21 IST" skipped="0">
  <testcase classname="testExecutionSuite.TestScript" name="Testing" time="25.609"/>
</testsuite> <!-- testExecutionSuite.TestScript -->
