<?xml version="1.0" encoding="UTF-8"?>
<!-- Generated by org.testng.reporters.JUnitReportReporter -->
<testsuite hostname="Raju" failures="0" tests="1" name="testExecutionSuite.ContactUs" time="8.747" errors="0" timestamp="2025-05-25T12:25:37 IST" skipped="0">
  <testcase classname="testExecutionSuite.ContactUs" name="contactUs" time="8.747"/>
</testsuite> <!-- testExecutionSuite.ContactUs -->
