<?xml version="1.0" encoding="UTF-8"?>
<!-- Generated by org.testng.reporters.JUnitReportReporter -->
<testsuite hostname="LAPTOP-IBL96SKL" failures="0" tests="2" name="testExecutionSuite.TestExecute" time="39.035" errors="0" timestamp="2025-05-26T00:46:33 IST" skipped="0">
  <testcase classname="testExecutionSuite.TestExecute" name="AllProducts" time="21.936"/>
  <testcase classname="testExecutionSuite.TestExecute" name="SearchProduct" time="17.099"/>
</testsuite> <!-- testExecutionSuite.TestExecute -->
