<?xml version="1.0" encoding="UTF-8"?>
<!-- Generated by org.testng.reporters.JUnitReportReporter -->
<testsuite hostname="DESKTOP-MO0SOCE" failures="0" tests="1" name="testExecutionSuite.TestExecute" time="7.161" errors="0" timestamp="2025-05-24T19:43:56 IST" skipped="0">
  <testcase classname="testExecutionSuite.TestExecute" name="sub_cart_page" time="7.161"/>
</testsuite> <!-- testExecutionSuite.TestExecute -->
