<?xml version="1.0" encoding="UTF-8"?>
<!-- Generated by org.testng.reporters.JUnitReportReporter -->
<testsuite hostname="DESKTOP-MO0SOCE" failures="0" tests="1" name="testExecutionSuite.sub_cart_page" time="9.313" errors="0" timestamp="2025-05-24T19:30:48 IST" skipped="0">
  <testcase classname="testExecutionSuite.sub_cart_page" name="sub_cart_page" time="9.313"/>
</testsuite> <!-- testExecutionSuite.sub_cart_page -->
