<?xml version="1.0" encoding="UTF-8"?>
<!-- Generated by org.testng.reporters.JUnitReportReporter -->
<testsuite hostname="DESKTOP-MO0SOCE" failures="0" tests="1" name="testExecutionSuite.Testcasepage" time="3.589" errors="0" timestamp="2025-05-24T23:10:52 IST" skipped="0">
  <testcase classname="testExecutionSuite.Testcasepage" name="Testcasepage" time="3.589"/>
</testsuite> <!-- testExecutionSuite.Testcasepage -->
