<?xml version="1.0" encoding="UTF-8"?>
<!-- Generated by org.testng.reporters.JUnitReportReporter -->
<testsuite hostname="Raju" failures="0" tests="1" name="testExecutionSuite.TestExecute" time="31.594" errors="0" timestamp="2025-05-11T21:29:42 IST" skipped="0">
  <testcase classname="testExecutionSuite.TestExecute" name="Testing" time="31.594"/>
</testsuite> <!-- testExecutionSuite.TestExecute -->
