<?xml version="1.0" encoding="UTF-8"?>
<!-- Generated by org.testng.reporters.JUnitReportReporter -->
<testsuite hostname="DESKTOP-UMGN6AN" failures="0" tests="1" name="testExecutionSuite.TestExecute" time="8.221" errors="0" timestamp="2025-05-18T21:07:52 IST" skipped="0">
  <testcase classname="testExecutionSuite.TestExecute" name="Login" time="8.221"/>
</testsuite> <!-- testExecutionSuite.TestExecute -->
