<?xml version="1.0" encoding="UTF-8"?>
<!-- Generated by org.testng.reporters.JUnitReportReporter -->
<testsuite hostname="DESKTOP-MO0SOCE" failures="0" tests="2" name="testExecutionSuite.TestExecute" time="30.521" errors="0" timestamp="2025-05-20T23:45:55 IST" skipped="0">
  <testcase classname="testExecutionSuite.TestExecute" name="Register" time="22.694"/>
  <testcase classname="testExecutionSuite.TestExecute" name="Existingmail" time="7.827"/>
</testsuite> <!-- testExecutionSuite.TestExecute -->
