<?xml version="1.0" encoding="UTF-8"?>
<!-- Generated by org.testng.reporters.JUnitReportReporter -->
<testsuite hostname="LAPTOP-UBVRQAH1" failures="0" tests="1" name="testExecutionSuite.TestExecute" time="5.642" errors="0" timestamp="2025-05-25T23:46:21 IST" skipped="0">
  <testcase classname="testExecutionSuite.TestExecute" name="Subscription_homepage" time="5.642"/>
  <system-out/>
</testsuite> <!-- testExecutionSuite.TestExecute -->
