<?xml version="1.0" encoding="UTF-8"?>
<!-- Generated by org.testng.reporters.JUnitReportReporter -->
<testsuite hostname="DESKTOP-UMGN6AN" failures="0" tests="3" name="testExecutionSuite.TestExecute" time="21.072" errors="0" timestamp="2025-05-26T15:34:02 IST" skipped="0">
  <testcase classname="testExecutionSuite.TestExecute" name="Login" time="9.335"/>
  <testcase classname="testExecutionSuite.TestExecute" name="Logout" time="7.175"/>
  <testcase classname="testExecutionSuite.TestExecute" name="Incorrectlogin" time="4.562"/>
</testsuite> <!-- testExecutionSuite.TestExecute -->
